#
# There is insufficient memory for the Java Runtime Environment to continue.
# Native memory allocation (malloc) failed to allocate 32744 bytes for ChunkPool::allocate
# Possible reasons:
#   The system is out of physical RAM or swap space
#   In 32 bit mode, the process size limit was hit
# Possible solutions:
#   Reduce memory load on the system
#   Increase physical memory or swap space
#   Check if swap backing store is full
#   Use 64 bit Java on a 64 bit OS
#   Decrease Java heap size (-Xmx/-Xms)
#   Decrease number of Java threads
#   Decrease Java thread stack sizes (-Xss)
#   Set larger code cache with -XX:ReservedCodeCacheSize=
# This output file may be truncated or incomplete.
#
#  Out of Memory Error (allocation.cpp:273), pid=2920, tid=0x000000000000132c
#
# JRE version: OpenJDK Runtime Environment (8.0_76-b03) (build 1.8.0_76-release-b03)
# Java VM: OpenJDK 64-Bit Server VM (25.76-b03 mixed mode windows-amd64 compressed oops)
# Failed to write core dump. Minidumps are not enabled by default on client versions of Windows
#

---------------  T H R E A D  ---------------

Current thread (0x0000000015d6a800):  JavaThread "C2 CompilerThread1" daemon [_thread_in_native, id=4908, stack(0x0000000017790000,0x0000000017890000)]

Stack: [0x0000000017790000,0x0000000017890000]
[error occurred during error reporting (printing stack bounds), id 0xc0000005]

Native frames: (J=compiled Java code, j=interpreted, Vv=VM code, C=native code)


Current CompileTask:
C2:  16225 1470   !   4       com.android.dx.cf.cst.ConstantPoolParser::parse0 (731 bytes)


---------------  P R O C E S S  ---------------

Java Threads: ( => current thread )
  0x0000000017616000 JavaThread "pool-2-thread-4" [_thread_in_Java, id=10660, stack(0x0000000017f90000,0x0000000018090000)]
  0x0000000017615000 JavaThread "pool-2-thread-3" [_thread_blocked, id=7308, stack(0x0000000017e90000,0x0000000017f90000)]
  0x0000000017613800 JavaThread "pool-2-thread-2" [_thread_blocked, id=1752, stack(0x0000000017d90000,0x0000000017e90000)]
  0x000000001760e000 JavaThread "pool-3-thread-1" [_thread_blocked, id=1508, stack(0x0000000017c90000,0x0000000017d90000)]
  0x000000001760b000 JavaThread "pool-2-thread-1" [_thread_blocked, id=7744, stack(0x0000000017b90000,0x0000000017c90000)]
  0x00000000173f1800 JavaThread "Service Thread" daemon [_thread_blocked, id=3024, stack(0x0000000017990000,0x0000000017a90000)]
  0x00000000173e1000 JavaThread "C1 CompilerThread2" daemon [_thread_blocked, id=7148, stack(0x0000000017890000,0x0000000017990000)]
=>0x0000000015d6a800 JavaThread "C2 CompilerThread1" daemon [_thread_in_native, id=4908, stack(0x0000000017790000,0x0000000017890000)]
  0x0000000015d62800 JavaThread "C2 CompilerThread0" daemon [_thread_in_native, id=7908, stack(0x0000000017290000,0x0000000017390000)]
  0x0000000015d1e800 JavaThread "Attach Listener" daemon [_thread_blocked, id=1604, stack(0x0000000017190000,0x0000000017290000)]
  0x0000000015d1d800 JavaThread "Signal Dispatcher" daemon [_thread_blocked, id=7328, stack(0x0000000017090000,0x0000000017190000)]
  0x000000000363b800 JavaThread "Finalizer" daemon [_thread_blocked, id=10456, stack(0x0000000016f90000,0x0000000017090000)]
  0x0000000003630800 JavaThread "Reference Handler" daemon [_thread_blocked, id=10724, stack(0x0000000016e90000,0x0000000016f90000)]
  0x000000000343e000 JavaThread "main" [_thread_blocked, id=5600, stack(0x0000000003440000,0x0000000003540000)]

Other Threads:
  0x0000000015cd6000 VMThread [stack: 0x0000000016d90000,0x0000000016e90000] [id=7524]
  0x00000000173e7800 WatcherThread [stack: 0x0000000017a90000,0x0000000017b90000] [id=292]

VM state:not at safepoint (normal execution)

VM Mutex/Monitor currently owned by a thread: None

Heap:
 PSYoungGen      total 197120K, used 35262K [0x00000000eab00000, 0x00000000fd400000, 0x0000000100000000)
  eden space 169984K, 5% used [0x00000000eab00000,0x00000000eb362cf8,0x00000000f5100000)
  from space 27136K, 98% used [0x00000000fb980000,0x00000000fd38cbb8,0x00000000fd400000)
  to   space 32256K, 0% used [0x00000000f9500000,0x00000000f9500000,0x00000000fb480000)
 ParOldGen       total 83968K, used 42256K [0x00000000c0000000, 0x00000000c5200000, 0x00000000eab00000)
  object space 83968K, 50% used [0x00000000c0000000,0x00000000c2944330,0x00000000c5200000)
 Metaspace       used 6532K, capacity 7220K, committed 7296K, reserved 1056768K
  class space    used 601K, capacity 620K, committed 640K, reserved 1048576K

Card table byte_map: [0x0000000012a00000,0x0000000012c10000] byte_map_base: 0x0000000012400000

Marking Bits: (ParMarkBitMap*) 0x000000005db79d00
 Begin Bits: [0x0000000013170000, 0x0000000014170000)
 End Bits:   [0x0000000014170000, 0x0000000015170000)

Polling page: 0x0000000001130000

CodeCache: size=245760Kb used=9802Kb max_used=9802Kb free=235957Kb
 bounds [0x0000000003640000, 0x0000000003fe0000, 0x0000000012640000]
 total_blobs=2375 nmethods=2104 adapters=184
 compilation: enabled

Compilation events (10 events):
Event: 15.663 Thread 0x00000000173e1000 2205       2       java.util.HashMap$TreeNode::getTreeNode (22 bytes)
Event: 15.664 Thread 0x00000000173e1000 nmethod 2205 0x0000000003faf8d0 code [0x0000000003fafa40, 0x0000000003fafc28]
Event: 15.665 Thread 0x00000000173e1000 2207       2       com.android.dx.ssa.DeadCodeRemover$NoSideEffectVisitor::visitMoveInsn (22 bytes)
Event: 15.666 Thread 0x00000000173e1000 nmethod 2207 0x0000000003fb8a10 code [0x0000000003fb8b80, 0x0000000003fb8d78]
Event: 15.666 Thread 0x00000000173e1000 2209       2       java.util.Arrays::sort (19 bytes)
Event: 15.666 Thread 0x00000000173e1000 nmethod 2209 0x0000000003fb8610 code [0x0000000003fb8780, 0x0000000003fb8938]
Event: 15.666 Thread 0x00000000173e1000 2210       2       java.util.DualPivotQuicksort::sort (614 bytes)
Event: 15.668 Thread 0x00000000173e1000 nmethod 2210 0x0000000003fdc050 code [0x0000000003fdc2a0, 0x0000000003fdcff8]
Event: 15.699 Thread 0x00000000173e1000 2224       2       java.util.HashMap::resize (359 bytes)
Event: 15.701 Thread 0x00000000173e1000 nmethod 2224 0x0000000003fb5d50 code [0x0000000003fb5f40, 0x0000000003fb6788]

GC Heap History (10 events):
Event: 6.358 GC heap before
{Heap before GC invocations=5 (full 0):
 PSYoungGen      total 66048K, used 66028K [0x00000000eab00000, 0x00000000eee00000, 0x0000000100000000)
  eden space 63488K, 100% used [0x00000000eab00000,0x00000000ee900000,0x00000000ee900000)
  from space 2560K, 99% used [0x00000000eeb80000,0x00000000eedfb350,0x00000000eee00000)
  to   space 2560K, 0% used [0x00000000ee900000,0x00000000ee900000,0x00000000eeb80000)
 ParOldGen       total 42496K, used 12576K [0x00000000c0000000, 0x00000000c2980000, 0x00000000eab00000)
  object space 42496K, 29% used [0x00000000c0000000,0x00000000c0c48038,0x00000000c2980000)
 Metaspace       used 6272K, capacity 7152K, committed 7296K, reserved 1056768K
  class space    used 583K, capacity 616K, committed 640K, reserved 1048576K
Event: 6.402 GC heap after
Heap after GC invocations=5 (full 0):
 PSYoungGen      total 66048K, used 2529K [0x00000000eab00000, 0x00000000f4400000, 0x0000000100000000)
  eden space 63488K, 0% used [0x00000000eab00000,0x00000000eab00000,0x00000000ee900000)
  from space 2560K, 98% used [0x00000000ee900000,0x00000000eeb785d8,0x00000000eeb80000)
  to   space 14848K, 0% used [0x00000000f3580000,0x00000000f3580000,0x00000000f4400000)
 ParOldGen       total 42496K, used 22895K [0x00000000c0000000, 0x00000000c2980000, 0x00000000eab00000)
  object space 42496K, 53% used [0x00000000c0000000,0x00000000c165bf48,0x00000000c2980000)
 Metaspace       used 6272K, capacity 7152K, committed 7296K, reserved 1056768K
  class space    used 583K, capacity 616K, committed 640K, reserved 1048576K
}
Event: 6.877 GC heap before
{Heap before GC invocations=6 (full 0):
 PSYoungGen      total 66048K, used 66017K [0x00000000eab00000, 0x00000000f4400000, 0x0000000100000000)
  eden space 63488K, 100% used [0x00000000eab00000,0x00000000ee900000,0x00000000ee900000)
  from space 2560K, 98% used [0x00000000ee900000,0x00000000eeb785d8,0x00000000eeb80000)
  to   space 14848K, 0% used [0x00000000f3580000,0x00000000f3580000,0x00000000f4400000)
 ParOldGen       total 42496K, used 22895K [0x00000000c0000000, 0x00000000c2980000, 0x00000000eab00000)
  object space 42496K, 53% used [0x00000000c0000000,0x00000000c165bf48,0x00000000c2980000)
 Metaspace       used 6372K, capacity 7152K, committed 7296K, reserved 1056768K
  class space    used 583K, capacity 616K, committed 640K, reserved 1048576K
Event: 6.928 GC heap after
Heap after GC invocations=6 (full 0):
 PSYoungGen      total 139776K, used 12813K [0x00000000eab00000, 0x00000000f4800000, 0x0000000100000000)
  eden space 124928K, 0% used [0x00000000eab00000,0x00000000eab00000,0x00000000f2500000)
  from space 14848K, 86% used [0x00000000f3580000,0x00000000f4203720,0x00000000f4400000)
  to   space 16896K, 0% used [0x00000000f2500000,0x00000000f2500000,0x00000000f3580000)
 ParOldGen       total 42496K, used 22903K [0x00000000c0000000, 0x00000000c2980000, 0x00000000eab00000)
  object space 42496K, 53% used [0x00000000c0000000,0x00000000c165df48,0x00000000c2980000)
 Metaspace       used 6372K, capacity 7152K, committed 7296K, reserved 1056768K
  class space    used 583K, capacity 616K, committed 640K, reserved 1048576K
}
Event: 7.753 GC heap before
{Heap before GC invocations=7 (full 0):
 PSYoungGen      total 139776K, used 137741K [0x00000000eab00000, 0x00000000f4800000, 0x0000000100000000)
  eden space 124928K, 100% used [0x00000000eab00000,0x00000000f2500000,0x00000000f2500000)
  from space 14848K, 86% used [0x00000000f3580000,0x00000000f4203720,0x00000000f4400000)
  to   space 16896K, 0% used [0x00000000f2500000,0x00000000f2500000,0x00000000f3580000)
 ParOldGen       total 42496K, used 22903K [0x00000000c0000000, 0x00000000c2980000, 0x00000000eab00000)
  object space 42496K, 53% used [0x00000000c0000000,0x00000000c165df48,0x00000000c2980000)
 Metaspace       used 6517K, capacity 7220K, committed 7296K, reserved 1056768K
  class space    used 601K, capacity 620K, committed 640K, reserved 1048576K
Event: 7.881 GC heap after
Heap after GC invocations=7 (full 0):
 PSYoungGen      total 141824K, used 16886K [0x00000000eab00000, 0x00000000fd400000, 0x0000000100000000)
  eden space 124928K, 0% used [0x00000000eab00000,0x00000000eab00000,0x00000000f2500000)
  from space 16896K, 99% used [0x00000000f2500000,0x00000000f357d890,0x00000000f3580000)
  to   space 27136K, 0% used [0x00000000fb980000,0x00000000fb980000,0x00000000fd400000)
 ParOldGen       total 42496K, used 36881K [0x00000000c0000000, 0x00000000c2980000, 0x00000000eab00000)
  object space 42496K, 86% used [0x00000000c0000000,0x00000000c2404438,0x00000000c2980000)
 Metaspace       used 6517K, capacity 7220K, committed 7296K, reserved 1056768K
  class space    used 601K, capacity 620K, committed 640K, reserved 1048576K
}
Event: 7.881 GC heap before
{Heap before GC invocations=8 (full 1):
 PSYoungGen      total 141824K, used 16886K [0x00000000eab00000, 0x00000000fd400000, 0x0000000100000000)
  eden space 124928K, 0% used [0x00000000eab00000,0x00000000eab00000,0x00000000f2500000)
  from space 16896K, 99% used [0x00000000f2500000,0x00000000f357d890,0x00000000f3580000)
  to   space 27136K, 0% used [0x00000000fb980000,0x00000000fb980000,0x00000000fd400000)
 ParOldGen       total 42496K, used 36881K [0x00000000c0000000, 0x00000000c2980000, 0x00000000eab00000)
  object space 42496K, 86% used [0x00000000c0000000,0x00000000c2404438,0x00000000c2980000)
 Metaspace       used 6517K, capacity 7220K, committed 7296K, reserved 1056768K
  class space    used 601K, capacity 620K, committed 640K, reserved 1048576K
Event: 9.361 GC heap after
Heap after GC invocations=8 (full 1):
 PSYoungGen      total 141824K, used 7638K [0x00000000eab00000, 0x00000000fd400000, 0x0000000100000000)
  eden space 124928K, 0% used [0x00000000eab00000,0x00000000eab00000,0x00000000f2500000)
  from space 16896K, 45% used [0x00000000f2500000,0x00000000f2c75980,0x00000000f3580000)
  to   space 27136K, 0% used [0x00000000fb980000,0x00000000fb980000,0x00000000fd400000)
 ParOldGen       total 83968K, used 42224K [0x00000000c0000000, 0x00000000c5200000, 0x00000000eab00000)
  object space 83968K, 50% used [0x00000000c0000000,0x00000000c293c330,0x00000000c5200000)
 Metaspace       used 6517K, capacity 7220K, committed 7296K, reserved 1056768K
  class space    used 601K, capacity 620K, committed 640K, reserved 1048576K
}
Event: 15.207 GC heap before
{Heap before GC invocations=9 (full 1):
 PSYoungGen      total 141824K, used 132566K [0x00000000eab00000, 0x00000000fd400000, 0x0000000100000000)
  eden space 124928K, 100% used [0x00000000eab00000,0x00000000f2500000,0x00000000f2500000)
  from space 16896K, 45% used [0x00000000f2500000,0x00000000f2c75980,0x00000000f3580000)
  to   space 27136K, 0% used [0x00000000fb980000,0x00000000fb980000,0x00000000fd400000)
 ParOldGen       total 83968K, used 42224K [0x00000000c0000000, 0x00000000c5200000, 0x00000000eab00000)
  object space 83968K, 50% used [0x00000000c0000000,0x00000000c293c330,0x00000000c5200000)
 Metaspace       used 6530K, capacity 7220K, committed 7296K, reserved 1056768K
  class space    used 601K, capacity 620K, committed 640K, reserved 1048576K
Event: 15.663 GC heap after
Heap after GC invocations=9 (full 1):
 PSYoungGen      total 197120K, used 26674K [0x00000000eab00000, 0x00000000fd400000, 0x0000000100000000)
  eden space 169984K, 0% used [0x00000000eab00000,0x00000000eab00000,0x00000000f5100000)
  from space 27136K, 98% used [0x00000000fb980000,0x00000000fd38cbb8,0x00000000fd400000)
  to   space 32256K, 0% used [0x00000000f9500000,0x00000000f9500000,0x00000000fb480000)
 ParOldGen       total 83968K, used 42256K [0x00000000c0000000, 0x00000000c5200000, 0x00000000eab00000)
  object space 83968K, 50% used [0x00000000c0000000,0x00000000c2944330,0x00000000c5200000)
 Metaspace       used 6530K, capacity 7220K, committed 7296K, reserved 1056768K
  class space    used 601K, capacity 620K, committed 640K, reserved 1048576K
}

Deoptimization events (10 events):
Event: 10.472 Thread 0x000000000343e000 Uncommon trap: reason=bimorphic action=maybe_recompile pc=0x0000000003eecda4 method=com.android.dx.cf.code.BytecodeArray.parseInstruction(ILcom/android/dx/cf/code/BytecodeArray$Visitor;)I @ 923
Event: 10.472 Thread 0x000000000343e000 Uncommon trap: reason=bimorphic action=maybe_recompile pc=0x0000000003eed4ac method=com.android.dx.cf.code.BytecodeArray.parseInstruction(ILcom/android/dx/cf/code/BytecodeArray$Visitor;)I @ 1224
Event: 10.472 Thread 0x000000000343e000 Uncommon trap: reason=bimorphic action=maybe_recompile pc=0x0000000003eece30 method=com.android.dx.cf.code.BytecodeArray.parseInstruction(ILcom/android/dx/cf/code/BytecodeArray$Visitor;)I @ 939
Event: 10.472 Thread 0x000000000343e000 Uncommon trap: reason=bimorphic action=maybe_recompile pc=0x0000000003eed4ac method=com.android.dx.cf.code.BytecodeArray.parseInstruction(ILcom/android/dx/cf/code/BytecodeArray$Visitor;)I @ 1224
Event: 11.976 Thread 0x0000000017616000 Uncommon trap: reason=unstable_if action=reinterpret pc=0x0000000003f37f7c method=com.android.dx.rop.cst.CstNat.equals(Ljava/lang/Object;)Z @ 25
Event: 12.768 Thread 0x0000000017615000 Uncommon trap: reason=unstable_if action=reinterpret pc=0x0000000003c765e0 method=java.util.HashMap.getNode(ILjava/lang/Object;)Ljava/util/HashMap$Node; @ 84
Event: 13.025 Thread 0x0000000017613800 Uncommon trap: reason=class_check action=maybe_recompile pc=0x0000000003f76d2c method=com.android.dx.cf.code.BytecodeArray.parseInstruction(ILcom/android/dx/cf/code/BytecodeArray$Visitor;)I @ 1287
Event: 13.026 Thread 0x0000000017613800 Uncommon trap: reason=class_check action=maybe_recompile pc=0x0000000003f76d2c method=com.android.dx.cf.code.BytecodeArray.parseInstruction(ILcom/android/dx/cf/code/BytecodeArray$Visitor;)I @ 1287
Event: 13.027 Thread 0x0000000017613800 Uncommon trap: reason=class_check action=maybe_recompile pc=0x0000000003f76d2c method=com.android.dx.cf.code.BytecodeArray.parseInstruction(ILcom/android/dx/cf/code/BytecodeArray$Visitor;)I @ 1287
Event: 15.699 Thread 0x0000000017616000 Uncommon trap: reason=unstable_if action=reinterpret pc=0x0000000003c9fdc0 method=java.util.HashMap.resize()[Ljava/util/HashMap$Node; @ 206

Internal exceptions (7 events):
Event: 0.056 Thread 0x000000000343e000 Exception <a 'java/lang/NoSuchMethodError': Method sun.misc.Unsafe.defineClass(Ljava/lang/String;[BII)Ljava/lang/Class; name or signature does not match> (0x00000000eab07cc0) thrown at [C:\src\android\AOSP-openjdk\external\jetbrains\jdk\hotspot\src\share\vÚóHë)÷¬?
Event: 0.057 Thread 0x000000000343e000 Exception <a 'java/lang/NoSuchMethodError': Method sun.misc.Unsafe.prefetchRead(Ljava/lang/Object;J)V name or signature does not match> (0x00000000eab07fa8) thrown at [C:\src\android\AOSP-openjdk\external\jetbrains\jdk\hotspot\src\share\vm\prims\jni.cpp, luÄQµ@
Event: 4.927 Thread 0x000000001760b000 Implicit null exception at 0x0000000003b11b62 to 0x0000000003b11c61
Event: 6.965 Thread 0x0000000017615000 Implicit null exception at 0x0000000003ba75fe to 0x0000000003ba9349
Event: 7.391 Thread 0x0000000017616000 Exception <a 'java/lang/ArrayIndexOutOfBoundsException': 18> (0x00000000eee94490) thrown at [C:\src\android\AOSP-openjdk\external\jetbrains\jdk\hotspot\src\share\vm\interpreter\interpreterRuntime.cpp, line 366]
Event: 7.392 Thread 0x0000000017616000 Exception <a 'java/lang/ArrayIndexOutOfBoundsException'> (0x00000000eee96010) thrown at [C:\src\android\AOSP-openjdk\external\jetbrains\jdk\hotspot\src\share\vm\runtime\sharedRuntime.cpp, line 605]
Event: 7.393 Thread 0x0000000017616000 Exception <a 'java/lang/ArrayIndexOutOfBoundsException'> (0x00000000eee972f8) thrown at [C:\src\android\AOSP-openjdk\external\jetbrains\jdk\hotspot\src\share\vm\runtime\sharedRuntime.cpp, line 605]

Events (10 events):
Event: 13.027 Thread 0x0000000017613800 Uncommon trap: trap_request=0xffffffde fr.pc=0x0000000003f76d2c
Event: 13.027 Thread 0x0000000017613800 DEOPT PACKING pc=0x0000000003f76d2c sp=0x0000000017e8eb10
Event: 13.027 Thread 0x0000000017613800 DEOPT UNPACKING pc=0x000000000368556a sp=0x0000000017e8eac0 mode 2
Event: 13.847 Thread 0x000000001760b000 DEOPT PACKING pc=0x0000000003f35b8a sp=0x0000000017c8e230
Event: 13.847 Thread 0x000000001760b000 DEOPT UNPACKING pc=0x00000000036875bf sp=0x0000000017c8dfb0 mode 0
Event: 14.619 Executing VM operation: ParallelGCFailedAllocation
Event: 15.663 Executing VM operation: ParallelGCFailedAllocation done
Event: 15.699 Thread 0x0000000017616000 Uncommon trap: trap_request=0xffffff65 fr.pc=0x0000000003c9fdc0
Event: 15.699 Thread 0x0000000017616000 DEOPT PACKING pc=0x0000000003c9fdc0 sp=0x000000001808e740
Event: 15.699 Thread 0x0000000017616000 DEOPT UNPACKING pc=0x000000000368556a sp=0x000000001808e6a8 mode 2


Dynamic libraries:
0x00007ff601ad0000 - 0x00007ff601b01000 	C:\Program Files\Android\Android Studio\jre\bin\java.exe
0x00007ff972f90000 - 0x00007ff97313d000 	C:\WINDOWS\SYSTEM32\ntdll.dll
0x00007ff970850000 - 0x00007ff97098e000 	C:\WINDOWS\system32\KERNEL32.DLL
0x00007ff970500000 - 0x00007ff970615000 	C:\WINDOWS\system32\KERNELBASE.dll
0x00007ff9707a0000 - 0x00007ff97084a000 	C:\WINDOWS\system32\ADVAPI32.dll
0x00007ff9724b0000 - 0x00007ff972627000 	C:\WINDOWS\system32\USER32.dll
0x00007ff96c990000 - 0x00007ff96cc0b000 	C:\WINDOWS\WinSxS\amd64_microsoft.windows.common-controls_6595b64144ccf1df_6.0.9600.18006_none_623f33d3ecbe86e8\COMCTL32.dll
0x00007ff972b00000 - 0x00007ff972baa000 	C:\WINDOWS\system32\msvcrt.dll
0x00007ff972f30000 - 0x00007ff972f89000 	C:\WINDOWS\SYSTEM32\sechost.dll
0x00007ff972630000 - 0x00007ff972770000 	C:\WINDOWS\system32\RPCRT4.dll
0x00007ff972de0000 - 0x00007ff972f2f000 	C:\WINDOWS\system32\GDI32.dll
0x00007ff9704d0000 - 0x00007ff9704fe000 	C:\WINDOWS\system32\SspiCli.dll
0x00007ff9722c0000 - 0x00007ff9722f6000 	C:\WINDOWS\system32\IMM32.DLL
0x00007ff970620000 - 0x00007ff970772000 	C:\WINDOWS\system32\MSCTF.dll
0x00007ff95d580000 - 0x00007ff95d61a000 	C:\WINDOWS\system32\tmumh\20019\AddOn\7.0.0.1099\TmUmEvt64.dll
0x00007ff970ab0000 - 0x00007ff970ab7000 	C:\WINDOWS\system32\PSAPI.DLL
0x00007ff970990000 - 0x00007ff9709e4000 	C:\WINDOWS\system32\SHLWAPI.dll
0x00007ff972bb0000 - 0x00007ff972dc1000 	C:\WINDOWS\SYSTEM32\combase.dll
0x000000005eaf0000 - 0x000000005ec04000 	C:\WINDOWS\system32\tmumh\20019\TmMon\2.5.0.2009\tmmon64.dll
0x00007ff96c2c0000 - 0x00007ff96c2ca000 	C:\WINDOWS\SYSTEM32\VERSION.dll
0x000000005ea10000 - 0x000000005eae2000 	C:\Program Files\Android\Android Studio\jre\jre\bin\msvcr100.dll
0x000000005d3c0000 - 0x000000005dbf4000 	C:\Program Files\Android\Android Studio\jre\jre\bin\server\jvm.dll
0x00007ff964ae0000 - 0x00007ff964ae9000 	C:\WINDOWS\SYSTEM32\WSOCK32.dll
0x00007ff964b20000 - 0x00007ff964b42000 	C:\WINDOWS\SYSTEM32\WINMM.dll
0x00007ff9721a0000 - 0x00007ff9721fa000 	C:\WINDOWS\system32\WS2_32.dll
0x00007ff964af0000 - 0x00007ff964b1a000 	C:\WINDOWS\SYSTEM32\WINMMBASE.dll
0x00007ff970b20000 - 0x00007ff970b29000 	C:\WINDOWS\system32\NSI.dll
0x00007ff970190000 - 0x00007ff9701df000 	C:\WINDOWS\SYSTEM32\cfgmgr32.dll
0x00007ff96eee0000 - 0x00007ff96ef08000 	C:\WINDOWS\SYSTEM32\DEVOBJ.dll
0x00007ff96c260000 - 0x00007ff96c26f000 	C:\Program Files\Android\Android Studio\jre\jre\bin\verify.dll
0x00007ff96b1d0000 - 0x00007ff96b1f9000 	C:\Program Files\Android\Android Studio\jre\jre\bin\java.dll
0x00007ff96c150000 - 0x00007ff96c166000 	C:\Program Files\Android\Android Studio\jre\jre\bin\zip.dll
0x00007ff970c70000 - 0x00007ff972199000 	C:\WINDOWS\system32\SHELL32.dll
0x00007ff96e2b0000 - 0x00007ff96e362000 	C:\WINDOWS\SYSTEM32\SHCORE.dll
0x00007ff9700c0000 - 0x00007ff9700d5000 	C:\WINDOWS\SYSTEM32\profapi.dll

VM Arguments:
jvm_args: -Djava.awt.headless=true -Xmx1024M -Dfile.encoding=windows-31j -Duser.country=JP -Duser.language=ja -Duser.variant 
java_command: com.android.dx.command.Main --dex --force-jumbo --num-threads=4 --multi-dex --output C:\AndroidStudioProject\Defence3D\app\build\intermediates\transforms\dex\debug\folders\1000\10\com.android.support-support-v4-23.4.0_04c65939b6d748a372362228788f7d9a0047bda3 C:\AndroidStudioProject\Defence3D\app\build\intermediates\exploded-aar\com.android.support\support-v4\23.4.0\jars\classes.jar
java_class_path (initial): C:\adt-bundle-windows-x86_64-20140702\sdk\build-tools\23.0.3\lib\dx.jar
Launcher Type: SUN_STANDARD

Environment Variables:
JAVA_HOME=C:\Program Files\Java\jdk1.8.0_45
CLASSPATH=.;C:\Program Files (x86)\QuickTime\QTSystem\QTJava.zip
PATH=C:\Program Files\Haskell\bin;C:\Program Files\Haskell Platform\2014.2.0.0\lib\extralibs\bin;C:\Program Files\Haskell Platform\2014.2.0.0\bin;C:\ProgramData\Oracle\Java\javapath;C:\Program Files\Java\jdk1.7.0_45\bin;C:\Program Files (x86)\Intel\iCLS Client\;C:\Program Files\Intel\iCLS Client\;C:\WINDOWS\system32;C:\WINDOWS;C:\WINDOWS\System32\Wbem;C:\WINDOWS\System32\WindowsPowerShell\v1.0\;C:\Program Files (x86)\Intel\OpenCL SDK\2.0\bin\x86;C:\Program Files (x86)\Intel\OpenCL SDK\2.0\bin\x64;C:\Program Files\Intel\Intel(R) Management Engine Components\DAL;C:\Program Files\Intel\Intel(R) Management Engine Components\IPT;C:\Program Files (x86)\Intel\Intel(R) Management Engine Components\DAL;C:\Program Files (x86)\Intel\Intel(R) Management Engine Components\IPT;C:\Program Files (x86)\Symantec\VIP Access Client\;C:\Program Files\Intel\WiFi\bin\;C:\Program Files\Common Files\Intel\WirelessCommon\;C:\Program Files\Microsoft SQL Server\110\Tools\Binn\;c:\Program Files (x86)\Microsoft SQL Server\100\Tools\Binn\;c:\Program Files\Microsoft SQL Server\100\Tools\Binn\;c:\Program Files\Microsoft SQL Server\100\DTS\Binn\;C:\Program Files (x86)\QuickTime\QTSystem\;C:\adt-bundle-windows-x86_64-20140702\sdk\platform-tools;C:\Program Files (x86)\Toshiba\Bluetooth Toshiba Stack\sys\;C:\Program Files (x86)\Toshiba\Bluetooth Toshiba Stack\sys\x64\;C:\Program Files\Haskell Platform\2014.2.0.0\mingw\bin;C:\Program Files\Microsoft\Web Platform Installer\;C:\Users\ƒeƒcƒ„\.dnx\bin;C:\Program Files\Microsoft DNX\Dnvm\;C:\Program Files (x86)\Windows Kits\8.1\Windows Performance Toolkit\;C:\Program Files (x86)\Skype\Phone\;C:\Users\ƒeƒcƒ„\AppData\Roaming\cabal\bin;C:\GNUstep\bin;C:\GNUstep\GNUstep\System\Tools;C:\Program Files (x86)\Vim\vim74;C:\Program Files\Haskell Platform\2014.2.0.0\bin;C:\common files\Util\tools\tpad090;C:\nasm\nasm-2.11.08
USERNAME=ƒeƒcƒ„
OS=Windows_NT
PROCESSOR_IDENTIFIER=Intel64 Family 6 Model 58 Stepping 9, GenuineIntel



---------------  S Y S T E M  ---------------

OS: Windows 8.1 , 64 bit Build 9600 (6.3.9600.17415)

CPU:total 4 (2 cores per cpu, 2 threads per core) family 6 model 58 stepping 9, cmov, cx8, fxsr, mmx, sse, sse2, sse3, ssse3, sse4.1, sse4.2, popcnt, avx, aes, clmul, erms, ht, tsc, tscinvbit, tscinv

Memory: 4k page, physical 4053208k(487132k free), swap 5751044k(6320k free)

vm_info: OpenJDK 64-Bit Server VM (25.76-b03) for windows-amd64 JRE (1.8.0_76-release-b03), built on Jun 29 2016 19:09:20 by "ralucas" with MS VC++ 10.0 (VS2010)

time: Sun Oct 02 16:36:19 2016
elapsed time: 16 seconds (0d 0h 0m 16s)

