#
# There is insufficient memory for the Java Runtime Environment to continue.
# Native memory allocation (malloc) failed to allocate 164416 bytes for Chunk::new
# Possible reasons:
#   The system is out of physical RAM or swap space
#   In 32 bit mode, the process size limit was hit
# Possible solutions:
#   Reduce memory load on the system
#   Increase physical memory or swap space
#   Check if swap backing store is full
#   Use 64 bit Java on a 64 bit OS
#   Decrease Java heap size (-Xmx/-Xms)
#   Decrease number of Java threads
#   Decrease Java thread stack sizes (-Xss)
#   Set larger code cache with -XX:ReservedCodeCacheSize=
# This output file may be truncated or incomplete.
#
#  Out of Memory Error (allocation.cpp:390), pid=2724, tid=0x0000000000002bec
#
# JRE version: OpenJDK Runtime Environment (8.0_76-b03) (build 1.8.0_76-release-b03)
# Java VM: OpenJDK 64-Bit Server VM (25.76-b03 mixed mode windows-amd64 compressed oops)
# Failed to write core dump. Minidumps are not enabled by default on client versions of Windows
#

---------------  T H R E A D  ---------------

Current thread (0x0000000015c7d800):  JavaThread "C2 CompilerThread1" daemon [_thread_in_native, id=11244, stack(0x0000000017700000,0x0000000017800000)]

Stack: [0x0000000017700000,0x0000000017800000]
[error occurred during error reporting (printing stack bounds), id 0xc0000005]

Native frames: (J=compiled Java code, j=interpreted, Vv=VM code, C=native code)


Current CompileTask:
C2:   8670 1309       4       com.android.dx.ssa.SsaMethod::isRegALocal (90 bytes)


---------------  P R O C E S S  ---------------

Java Threads: ( => current thread )
  0x000000001749a000 JavaThread "pool-2-thread-4" [_thread_in_Java, id=6188, stack(0x0000000017f00000,0x0000000018000000)]
  0x0000000017497800 JavaThread "pool-2-thread-2" [_thread_in_Java, id=7300, stack(0x0000000017d00000,0x0000000017e00000)]
  0x0000000017492800 JavaThread "pool-3-thread-1" [_thread_blocked, id=2084, stack(0x0000000017c00000,0x0000000017d00000)]
  0x0000000017490000 JavaThread "pool-2-thread-1" [_thread_in_Java, id=3616, stack(0x0000000017b00000,0x0000000017c00000)]
  0x0000000017354800 JavaThread "Service Thread" daemon [_thread_blocked, id=10692, stack(0x0000000017900000,0x0000000017a00000)]
  0x0000000017351800 JavaThread "C1 CompilerThread2" daemon [_thread_blocked, id=6236, stack(0x0000000017800000,0x0000000017900000)]
=>0x0000000015c7d800 JavaThread "C2 CompilerThread1" daemon [_thread_in_native, id=11244, stack(0x0000000017700000,0x0000000017800000)]
  0x0000000015c72800 JavaThread "C2 CompilerThread0" daemon [_thread_in_native, id=2308, stack(0x0000000017200000,0x0000000017300000)]
  0x0000000015c2e800 JavaThread "Attach Listener" daemon [_thread_blocked, id=7728, stack(0x0000000017100000,0x0000000017200000)]
  0x0000000015c2d800 JavaThread "Signal Dispatcher" daemon [_thread_blocked, id=7420, stack(0x0000000017000000,0x0000000017100000)]
  0x000000000354b800 JavaThread "Finalizer" daemon [_thread_blocked, id=4412, stack(0x0000000016e80000,0x0000000016f80000)]
  0x0000000003540800 JavaThread "Reference Handler" daemon [_thread_blocked, id=5284, stack(0x0000000016d80000,0x0000000016e80000)]
  0x000000000334e000 JavaThread "main" [_thread_blocked, id=4808, stack(0x0000000003350000,0x0000000003450000)]

Other Threads:
  0x0000000015be6000 VMThread [stack: 0x0000000016c80000,0x0000000016d80000] [id=10480]
  0x0000000017356800 WatcherThread [stack: 0x0000000017a00000,0x0000000017b00000] [id=216]

VM state:not at safepoint (normal execution)

VM Mutex/Monitor currently owned by a thread: None

Heap:
 PSYoungGen      total 34304K, used 17867K [0x00000000eab00000, 0x00000000ecf00000, 0x0000000100000000)
  eden space 31744K, 48% used [0x00000000eab00000,0x00000000eb9f9818,0x00000000eca00000)
  from space 2560K, 98% used [0x00000000ecc80000,0x00000000ecef9648,0x00000000ecf00000)
  to   space 2560K, 0% used [0x00000000eca00000,0x00000000eca00000,0x00000000ecc80000)
 ParOldGen       total 42496K, used 4452K [0x00000000c0000000, 0x00000000c2980000, 0x00000000eab00000)
  object space 42496K, 10% used [0x00000000c0000000,0x00000000c04591f8,0x00000000c2980000)
 Metaspace       used 6026K, capacity 6960K, committed 7040K, reserved 1056768K
  class space    used 579K, capacity 616K, committed 640K, reserved 1048576K

Card table byte_map: [0x0000000012910000,0x0000000012b20000] byte_map_base: 0x0000000012310000

Marking Bits: (ParMarkBitMap*) 0x000000005db79d00
 Begin Bits: [0x0000000013080000, 0x0000000014080000)
 End Bits:   [0x0000000014080000, 0x0000000015080000)

Polling page: 0x0000000001190000

CodeCache: size=245760Kb used=5535Kb max_used=5553Kb free=240224Kb
 bounds [0x0000000003550000, 0x0000000003ad0000, 0x0000000012550000]
 total_blobs=1561 nmethods=1291 adapters=184
 compilation: enabled

Compilation events (10 events):
Event: 8.503 Thread 0x0000000015c7d800 1304       4       com.android.dx.ssa.SCCP::addBlockToWorklist (47 bytes)
Event: 8.522 Thread 0x0000000015c7d800 nmethod 1304 0x0000000003aa1dd0 code [0x0000000003aa1f60, 0x0000000003aa29d8]
Event: 8.523 Thread 0x0000000015c72800 1305       4       com.android.dx.ssa.SCCP::simulatePhiBlock (50 bytes)
Event: 8.527 Thread 0x0000000015c72800 nmethod 1305 0x0000000003a99a50 code [0x0000000003a99ba0, 0x0000000003a99de8]
Event: 8.528 Thread 0x0000000015c7d800 1306       4       com.android.dx.ssa.PhiInsn::hasSideEffect (19 bytes)
Event: 8.529 Thread 0x0000000015c7d800 nmethod 1306 0x0000000003a71a50 code [0x0000000003a71b80, 0x0000000003a71c38]
Event: 8.530 Thread 0x0000000015c72800 1307       4       com.android.dx.ssa.LiteralOpUpgrader$1::visitNonMoveInsn (203 bytes)
Event: 8.543 Thread 0x0000000015c7d800 1308       4       com.android.dx.ssa.LiteralOpUpgrader::tryReplacingWithConstant (161 bytes)
Event: 8.648 Thread 0x0000000015c7d800 nmethod 1308 0x0000000003ab4b90 code [0x0000000003ab4e80, 0x0000000003ab69b0]
Event: 8.648 Thread 0x0000000015c7d800 1309       4       com.android.dx.ssa.SsaMethod::isRegALocal (90 bytes)

GC Heap History (4 events):
Event: 6.273 GC heap before
{Heap before GC invocations=1 (full 0):
 PSYoungGen      total 18432K, used 15872K [0x00000000eab00000, 0x00000000ebf80000, 0x0000000100000000)
  eden space 15872K, 100% used [0x00000000eab00000,0x00000000eba80000,0x00000000eba80000)
  from space 2560K, 0% used [0x00000000ebd00000,0x00000000ebd00000,0x00000000ebf80000)
  to   space 2560K, 0% used [0x00000000eba80000,0x00000000eba80000,0x00000000ebd00000)
 ParOldGen       total 42496K, used 0K [0x00000000c0000000, 0x00000000c2980000, 0x00000000eab00000)
  object space 42496K, 0% used [0x00000000c0000000,0x00000000c0000000,0x00000000c2980000)
 Metaspace       used 5794K, capacity 6768K, committed 7040K, reserved 1056768K
  class space    used 576K, capacity 616K, committed 640K, reserved 1048576K
Event: 6.909 GC heap after
Heap after GC invocations=1 (full 0):
 PSYoungGen      total 18432K, used 2556K [0x00000000eab00000, 0x00000000ecf00000, 0x0000000100000000)
  eden space 15872K, 0% used [0x00000000eab00000,0x00000000eab00000,0x00000000eba80000)
  from space 2560K, 99% used [0x00000000eba80000,0x00000000ebcff298,0x00000000ebd00000)
  to   space 2560K, 0% used [0x00000000ecc80000,0x00000000ecc80000,0x00000000ecf00000)
 ParOldGen       total 42496K, used 1953K [0x00000000c0000000, 0x00000000c2980000, 0x00000000eab00000)
  object space 42496K, 4% used [0x00000000c0000000,0x00000000c01e8458,0x00000000c2980000)
 Metaspace       used 5794K, capacity 6768K, committed 7040K, reserved 1056768K
  class space    used 576K, capacity 616K, committed 640K, reserved 1048576K
}
Event: 7.810 GC heap before
{Heap before GC invocations=2 (full 0):
 PSYoungGen      total 18432K, used 18428K [0x00000000eab00000, 0x00000000ecf00000, 0x0000000100000000)
  eden space 15872K, 100% used [0x00000000eab00000,0x00000000eba80000,0x00000000eba80000)
  from space 2560K, 99% used [0x00000000eba80000,0x00000000ebcff298,0x00000000ebd00000)
  to   space 2560K, 0% used [0x00000000ecc80000,0x00000000ecc80000,0x00000000ecf00000)
 ParOldGen       total 42496K, used 1953K [0x00000000c0000000, 0x00000000c2980000, 0x00000000eab00000)
  object space 42496K, 4% used [0x00000000c0000000,0x00000000c01e8458,0x00000000c2980000)
 Metaspace       used 5996K, capacity 6960K, committed 7040K, reserved 1056768K
  class space    used 579K, capacity 616K, committed 640K, reserved 1048576K
Event: 7.891 GC heap after
Heap after GC invocations=2 (full 0):
 PSYoungGen      total 34304K, used 2533K [0x00000000eab00000, 0x00000000ecf00000, 0x0000000100000000)
  eden space 31744K, 0% used [0x00000000eab00000,0x00000000eab00000,0x00000000eca00000)
  from space 2560K, 98% used [0x00000000ecc80000,0x00000000ecef9648,0x00000000ecf00000)
  to   space 2560K, 0% used [0x00000000eca00000,0x00000000eca00000,0x00000000ecc80000)
 ParOldGen       total 42496K, used 4452K [0x00000000c0000000, 0x00000000c2980000, 0x00000000eab00000)
  object space 42496K, 10% used [0x00000000c0000000,0x00000000c04591f8,0x00000000c2980000)
 Metaspace       used 5996K, capacity 6960K, committed 7040K, reserved 1056768K
  class space    used 579K, capacity 616K, committed 640K, reserved 1048576K
}

Deoptimization events (10 events):
Event: 7.182 Thread 0x000000001749a000 Uncommon trap: reason=null_check action=make_not_entrant pc=0x00000000038635d8 method=com.android.dx.ssa.SsaRenamer.getLocalForNewReg(I)Lcom/android/dx/rop/code/LocalItem; @ 19
Event: 7.182 Thread 0x000000001749a000 Uncommon trap: reason=null_check action=make_not_entrant pc=0x000000000384f308 method=com.android.dx.ssa.SsaRenamer.getLocalForNewReg(I)Lcom/android/dx/rop/code/LocalItem; @ 19
Event: 7.182 Thread 0x000000001749a000 Uncommon trap: reason=unstable_if action=reinterpret pc=0x00000000038fafe4 method=com.android.dx.ssa.SsaRenamer$BlockRenamer.addMapping(ILcom/android/dx/rop/code/RegisterSpec;)V @ 120
Event: 7.186 Thread 0x000000001749a000 Uncommon trap: reason=bimorphic action=maybe_recompile pc=0x0000000003791150 method=java.util.HashMap.getNode(ILjava/lang/Object;)Ljava/util/HashMap$Node; @ 126
Event: 7.186 Thread 0x000000001749a000 Uncommon trap: reason=class_check action=maybe_recompile pc=0x000000000391cf18 method=java.util.HashMap.putVal(ILjava/lang/Object;Ljava/lang/Object;ZZ)Ljava/lang/Object; @ 203
Event: 7.247 Thread 0x0000000017497800 Uncommon trap: reason=unstable_if action=reinterpret pc=0x0000000003980e9c method=com.android.dx.rop.cst.Constant.compareTo(Lcom/android/dx/rop/cst/Constant;)I @ 12
Event: 7.804 Thread 0x0000000017490000 Uncommon trap: reason=class_check action=maybe_recompile pc=0x00000000039cc098 method=com.android.dx.ssa.SCCP.setLatticeValueTo(IILcom/android/dx/rop/cst/Constant;)Z @ 43
Event: 7.804 Thread 0x0000000017490000 Uncommon trap: reason=class_check action=maybe_recompile pc=0x00000000039cc098 method=com.android.dx.ssa.SCCP.setLatticeValueTo(IILcom/android/dx/rop/cst/Constant;)Z @ 43
Event: 7.804 Thread 0x0000000017490000 Uncommon trap: reason=class_check action=maybe_recompile pc=0x00000000039cc098 method=com.android.dx.ssa.SCCP.setLatticeValueTo(IILcom/android/dx/rop/cst/Constant;)Z @ 43
Event: 7.804 Thread 0x0000000017490000 Uncommon trap: reason=class_check action=maybe_recompile pc=0x00000000039cc098 method=com.android.dx.ssa.SCCP.setLatticeValueTo(IILcom/android/dx/rop/cst/Constant;)Z @ 43

Internal exceptions (5 events):
Event: 0.275 Thread 0x000000000334e000 Exception <a 'java/lang/NoSuchMethodError': Method sun.misc.Unsafe.defineClass(Ljava/lang/String;[BII)Ljava/lang/Class; name or signature does not match> (0x00000000eab07cc0) thrown at [C:\src\android\AOSP-openjdk\external\jetbrains\jdk\hotspot\src\share\v
Event: 0.275 Thread 0x000000000334e000 Exception <a 'java/lang/NoSuchMethodError': Method sun.misc.Unsafe.prefetchRead(Ljava/lang/Object;J)V name or signature does not match> (0x00000000eab07fa8) thrown at [C:\src\android\AOSP-openjdk\external\jetbrains\jdk\hotspot\src\share\vm\prims\jni.cpp, l÷)`¬z@
Event: 6.261 Thread 0x000000000334e000 Implicit null exception at 0x000000000387d662 to 0x000000000387d752
Event: 7.182 Thread 0x000000001749a000 Implicit null exception at 0x0000000003860b41 to 0x0000000003863595
Event: 7.182 Thread 0x000000001749a000 Implicit null exception at 0x000000000384cb0a to 0x000000000384f2e1

Events (10 events):
Event: 7.804 Thread 0x0000000017490000 Uncommon trap: trap_request=0xffffffde fr.pc=0x00000000039cc098
Event: 7.804 Thread 0x0000000017490000 DEOPT PACKING pc=0x00000000039cc098 sp=0x0000000017bfe5b0
Event: 7.804 Thread 0x0000000017490000 DEOPT UNPACKING pc=0x000000000359556a sp=0x0000000017bfe4f8 mode 2
Event: 7.804 Executing VM operation: ParallelGCFailedAllocation
Event: 7.891 Executing VM operation: ParallelGCFailedAllocation done
Event: 7.901 Thread 0x0000000017498000 DEOPT PACKING pc=0x0000000003830b11 sp=0x0000000017efe580
Event: 7.901 Thread 0x0000000017498000 DEOPT UNPACKING pc=0x00000000035975bf sp=0x0000000017efe348 mode 0
Event: 7.930 Thread 0x0000000017498000 Thread exited: 0x0000000017498000
Event: 8.000 Thread 0x0000000017490000 DEOPT PACKING pc=0x0000000003830b11 sp=0x0000000017bfe590
Event: 8.000 Thread 0x0000000017490000 DEOPT UNPACKING pc=0x00000000035975bf sp=0x0000000017bfe358 mode 0


Dynamic libraries:
0x00007ff601ad0000 - 0x00007ff601b01000 	C:\Program Files\Android\Android Studio\jre\bin\java.exe
0x00007ff972f90000 - 0x00007ff97313d000 	C:\WINDOWS\SYSTEM32\ntdll.dll
0x00007ff970850000 - 0x00007ff97098e000 	C:\WINDOWS\system32\KERNEL32.DLL
0x00007ff970500000 - 0x00007ff970615000 	C:\WINDOWS\system32\KERNELBASE.dll
0x00007ff9707a0000 - 0x00007ff97084a000 	C:\WINDOWS\system32\ADVAPI32.dll
0x00007ff9724b0000 - 0x00007ff972627000 	C:\WINDOWS\system32\USER32.dll
0x00007ff96c990000 - 0x00007ff96cc0b000 	C:\WINDOWS\WinSxS\amd64_microsoft.windows.common-controls_6595b64144ccf1df_6.0.9600.18006_none_623f33d3ecbe86e8\COMCTL32.dll
0x00007ff972b00000 - 0x00007ff972baa000 	C:\WINDOWS\system32\msvcrt.dll
0x00007ff972f30000 - 0x00007ff972f89000 	C:\WINDOWS\SYSTEM32\sechost.dll
0x00007ff972630000 - 0x00007ff972770000 	C:\WINDOWS\system32\RPCRT4.dll
0x00007ff972de0000 - 0x00007ff972f2f000 	C:\WINDOWS\system32\GDI32.dll
0x00007ff9704d0000 - 0x00007ff9704fe000 	C:\WINDOWS\system32\SspiCli.dll
0x00007ff9722c0000 - 0x00007ff9722f6000 	C:\WINDOWS\system32\IMM32.DLL
0x00007ff970620000 - 0x00007ff970772000 	C:\WINDOWS\system32\MSCTF.dll
0x00007ff95d580000 - 0x00007ff95d61a000 	C:\WINDOWS\system32\tmumh\20019\AddOn\7.0.0.1099\TmUmEvt64.dll
0x00007ff970ab0000 - 0x00007ff970ab7000 	C:\WINDOWS\system32\PSAPI.DLL
0x00007ff970990000 - 0x00007ff9709e4000 	C:\WINDOWS\system32\SHLWAPI.dll
0x00007ff972bb0000 - 0x00007ff972dc1000 	C:\WINDOWS\SYSTEM32\combase.dll
0x000000005eaf0000 - 0x000000005ec04000 	C:\WINDOWS\system32\tmumh\20019\TmMon\2.5.0.2009\tmmon64.dll
0x00007ff96c2c0000 - 0x00007ff96c2ca000 	C:\WINDOWS\SYSTEM32\VERSION.dll
0x000000005ea10000 - 0x000000005eae2000 	C:\Program Files\Android\Android Studio\jre\jre\bin\msvcr100.dll
0x000000005d3c0000 - 0x000000005dbf4000 	C:\Program Files\Android\Android Studio\jre\jre\bin\server\jvm.dll
0x00007ff964ae0000 - 0x00007ff964ae9000 	C:\WINDOWS\SYSTEM32\WSOCK32.dll
0x00007ff964b20000 - 0x00007ff964b42000 	C:\WINDOWS\SYSTEM32\WINMM.dll
0x00007ff9721a0000 - 0x00007ff9721fa000 	C:\WINDOWS\system32\WS2_32.dll
0x00007ff964af0000 - 0x00007ff964b1a000 	C:\WINDOWS\SYSTEM32\WINMMBASE.dll
0x00007ff970b20000 - 0x00007ff970b29000 	C:\WINDOWS\system32\NSI.dll
0x00007ff970190000 - 0x00007ff9701df000 	C:\WINDOWS\SYSTEM32\cfgmgr32.dll
0x00007ff96eee0000 - 0x00007ff96ef08000 	C:\WINDOWS\SYSTEM32\DEVOBJ.dll
0x00007ff96c260000 - 0x00007ff96c26f000 	C:\Program Files\Android\Android Studio\jre\jre\bin\verify.dll
0x00007ff96b1d0000 - 0x00007ff96b1f9000 	C:\Program Files\Android\Android Studio\jre\jre\bin\java.dll
0x00007ff96c150000 - 0x00007ff96c166000 	C:\Program Files\Android\Android Studio\jre\jre\bin\zip.dll
0x00007ff970c70000 - 0x00007ff972199000 	C:\WINDOWS\system32\SHELL32.dll
0x00007ff96e2b0000 - 0x00007ff96e362000 	C:\WINDOWS\SYSTEM32\SHCORE.dll
0x00007ff9700c0000 - 0x00007ff9700d5000 	C:\WINDOWS\SYSTEM32\profapi.dll

VM Arguments:
jvm_args: -Djava.awt.headless=true -Xmx1024M -Dfile.encoding=windows-31j -Duser.country=JP -Duser.language=ja -Duser.variant 
java_command: com.android.dx.command.Main --dex --force-jumbo --num-threads=4 --multi-dex --output C:\AndroidStudioProject\Defence3D\app\build\intermediates\transforms\dex\debug\folders\1000\10\instant-run_a7b7ffd9c5e82e08895d5f8208e512a5972129d6 C:\AndroidStudioProject\Defence3D\app\build\intermediates\incremental-runtime-classes\debug\instant-run.jar
java_class_path (initial): C:\adt-bundle-windows-x86_64-20140702\sdk\build-tools\23.0.3\lib\dx.jar
Launcher Type: SUN_STANDARD

Environment Variables:
JAVA_HOME=C:\Program Files\Java\jdk1.8.0_45
CLASSPATH=.;C:\Program Files (x86)\QuickTime\QTSystem\QTJava.zip
PATH=C:\Program Files\Haskell\bin;C:\Program Files\Haskell Platform\2014.2.0.0\lib\extralibs\bin;C:\Program Files\Haskell Platform\2014.2.0.0\bin;C:\ProgramData\Oracle\Java\javapath;C:\Program Files\Java\jdk1.7.0_45\bin;C:\Program Files (x86)\Intel\iCLS Client\;C:\Program Files\Intel\iCLS Client\;C:\WINDOWS\system32;C:\WINDOWS;C:\WINDOWS\System32\Wbem;C:\WINDOWS\System32\WindowsPowerShell\v1.0\;C:\Program Files (x86)\Intel\OpenCL SDK\2.0\bin\x86;C:\Program Files (x86)\Intel\OpenCL SDK\2.0\bin\x64;C:\Program Files\Intel\Intel(R) Management Engine Components\DAL;C:\Program Files\Intel\Intel(R) Management Engine Components\IPT;C:\Program Files (x86)\Intel\Intel(R) Management Engine Components\DAL;C:\Program Files (x86)\Intel\Intel(R) Management Engine Components\IPT;C:\Program Files (x86)\Symantec\VIP Access Client\;C:\Program Files\Intel\WiFi\bin\;C:\Program Files\Common Files\Intel\WirelessCommon\;C:\Program Files\Microsoft SQL Server\110\Tools\Binn\;c:\Program Files (x86)\Microsoft SQL Server\100\Tools\Binn\;c:\Program Files\Microsoft SQL Server\100\Tools\Binn\;c:\Program Files\Microsoft SQL Server\100\DTS\Binn\;C:\Program Files (x86)\QuickTime\QTSystem\;C:\adt-bundle-windows-x86_64-20140702\sdk\platform-tools;C:\Program Files (x86)\Toshiba\Bluetooth Toshiba Stack\sys\;C:\Program Files (x86)\Toshiba\Bluetooth Toshiba Stack\sys\x64\;C:\Program Files\Haskell Platform\2014.2.0.0\mingw\bin;C:\Program Files\Microsoft\Web Platform Installer\;C:\Users\ƒeƒcƒ„\.dnx\bin;C:\Program Files\Microsoft DNX\Dnvm\;C:\Program Files (x86)\Windows Kits\8.1\Windows Performance Toolkit\;C:\Program Files (x86)\Skype\Phone\;C:\Users\ƒeƒcƒ„\AppData\Roaming\cabal\bin;C:\GNUstep\bin;C:\GNUstep\GNUstep\System\Tools;C:\Program Files (x86)\Vim\vim74;C:\Program Files\Haskell Platform\2014.2.0.0\bin;C:\common files\Util\tools\tpad090;C:\nasm\nasm-2.11.08
USERNAME=ƒeƒcƒ„
OS=Windows_NT
PROCESSOR_IDENTIFIER=Intel64 Family 6 Model 58 Stepping 9, GenuineIntel



---------------  S Y S T E M  ---------------

OS: Windows 8.1 , 64 bit Build 9600 (6.3.9600.17415)

CPU:total 4 (2 cores per cpu, 2 threads per core) family 6 model 58 stepping 9, cmov, cx8, fxsr, mmx, sse, sse2, sse3, ssse3, sse4.1, sse4.2, popcnt, avx, aes, clmul, erms, ht, tsc, tscinvbit, tscinv

Memory: 4k page, physical 4053208k(487872k free), swap 5751044k(5244k free)

vm_info: OpenJDK 64-Bit Server VM (25.76-b03) for windows-amd64 JRE (1.8.0_76-release-b03), built on Jun 29 2016 19:09:20 by "ralucas" with MS VC++ 10.0 (VS2010)

time: Sun Oct 02 16:36:19 2016
elapsed time: 8 seconds (0d 0h 0m 8s)

