#
# There is insufficient memory for the Java Runtime Environment to continue.
# Native memory allocation (malloc) failed to allocate 823216 bytes for Chunk::new
# Possible reasons:
#   The system is out of physical RAM or swap space
#   In 32 bit mode, the process size limit was hit
# Possible solutions:
#   Reduce memory load on the system
#   Increase physical memory or swap space
#   Check if swap backing store is full
#   Use 64 bit Java on a 64 bit OS
#   Decrease Java heap size (-Xmx/-Xms)
#   Decrease number of Java threads
#   Decrease Java thread stack sizes (-Xss)
#   Set larger code cache with -XX:ReservedCodeCacheSize=
# This output file may be truncated or incomplete.
#
#  Out of Memory Error (allocation.cpp:390), pid=10572, tid=0x00000000000021a8
#
# JRE version: OpenJDK Runtime Environment (8.0_76-b03) (build 1.8.0_76-release-b03)
# Java VM: OpenJDK 64-Bit Server VM (25.76-b03 mixed mode windows-amd64 compressed oops)
# Failed to write core dump. Minidumps are not enabled by default on client versions of Windows
#

---------------  T H R E A D  ---------------

Current thread (0x0000000015f9d000):  JavaThread "C2 CompilerThread1" daemon [_thread_in_native, id=8616, stack(0x0000000017a20000,0x0000000017b20000)]

Stack: [0x0000000017a20000,0x0000000017b20000]
[error occurred during error reporting (printing stack bounds), id 0xc0000005]

Native frames: (J=compiled Java code, j=interpreted, Vv=VM code, C=native code)


Current CompileTask:
C2:  15008 2123   !   4       com.android.dx.cf.code.BytecodeArray::parseInstruction (2764 bytes)


---------------  P R O C E S S  ---------------

Java Threads: ( => current thread )
  0x000000001796b800 JavaThread "pool-2-thread-4" [_thread_in_Java, id=2020, stack(0x0000000018220000,0x0000000018320000)]
  0x000000001796a000 JavaThread "pool-2-thread-3" [_thread_in_Java, id=9332, stack(0x0000000018120000,0x0000000018220000)]
  0x0000000017964800 JavaThread "pool-2-thread-2" [_thread_in_Java, id=8924, stack(0x0000000018020000,0x0000000018120000)]
  0x0000000017963800 JavaThread "pool-3-thread-1" [_thread_blocked, id=10364, stack(0x0000000017f20000,0x0000000018020000)]
  0x0000000017961000 JavaThread "pool-2-thread-1" [_thread_in_Java, id=10512, stack(0x0000000017e20000,0x0000000017f20000)]
  0x000000001767f800 JavaThread "Service Thread" daemon [_thread_blocked, id=172, stack(0x0000000017c20000,0x0000000017d20000)]
  0x000000001767c800 JavaThread "C1 CompilerThread2" daemon [_thread_blocked, id=10812, stack(0x0000000017b20000,0x0000000017c20000)]
=>0x0000000015f9d000 JavaThread "C2 CompilerThread1" daemon [_thread_in_native, id=8616, stack(0x0000000017a20000,0x0000000017b20000)]
  0x0000000015f92800 JavaThread "C2 CompilerThread0" daemon [_thread_in_native, id=7532, stack(0x0000000017520000,0x0000000017620000)]
  0x0000000015f4e800 JavaThread "Attach Listener" daemon [_thread_blocked, id=1332, stack(0x0000000017420000,0x0000000017520000)]
  0x0000000015f4d800 JavaThread "Signal Dispatcher" daemon [_thread_blocked, id=5544, stack(0x0000000017320000,0x0000000017420000)]
  0x000000000386b800 JavaThread "Finalizer" daemon [_thread_blocked, id=9352, stack(0x00000000171a0000,0x00000000172a0000)]
  0x0000000003860800 JavaThread "Reference Handler" daemon [_thread_blocked, id=4256, stack(0x00000000170a0000,0x00000000171a0000)]
  0x000000000340e000 JavaThread "main" [_thread_in_Java, id=2712, stack(0x0000000003300000,0x0000000003400000)]

Other Threads:
  0x0000000015f06000 VMThread [stack: 0x0000000016fa0000,0x00000000170a0000] [id=5052]
  0x0000000017682000 WatcherThread [stack: 0x0000000017d20000,0x0000000017e20000] [id=8420]

VM state:not at safepoint (normal execution)

VM Mutex/Monitor currently owned by a thread: None

Heap:
 PSYoungGen      total 192512K, used 53324K [0x00000000eab00000, 0x00000000fd300000, 0x0000000100000000)
  eden space 166400K, 16% used [0x00000000eab00000,0x00000000ec5b6650,0x00000000f4d80000)
  from space 26112K, 99% used [0x00000000fb980000,0x00000000fd2dcba8,0x00000000fd300000)
  to   space 31744K, 0% used [0x00000000f9500000,0x00000000f9500000,0x00000000fb400000)
 ParOldGen       total 84480K, used 42025K [0x00000000c0000000, 0x00000000c5280000, 0x00000000eab00000)
  object space 84480K, 49% used [0x00000000c0000000,0x00000000c290a6e0,0x00000000c5280000)
 Metaspace       used 6536K, capacity 7220K, committed 7296K, reserved 1056768K
  class space    used 601K, capacity 620K, committed 640K, reserved 1048576K

Card table byte_map: [0x0000000012c30000,0x0000000012e40000] byte_map_base: 0x0000000012630000

Marking Bits: (ParMarkBitMap*) 0x000000005db79d00
 Begin Bits: [0x00000000133a0000, 0x00000000143a0000)
 End Bits:   [0x00000000143a0000, 0x00000000153a0000)

Polling page: 0x00000000012b0000

CodeCache: size=245760Kb used=9710Kb max_used=9710Kb free=236049Kb
 bounds [0x0000000003870000, 0x0000000004200000, 0x0000000012870000]
 total_blobs=2337 nmethods=2066 adapters=184
 compilation: enabled

Compilation events (10 events):
Event: 14.932 Thread 0x000000001767c800 2137 %     3       java.util.HashMap::resize @ 238 (359 bytes)
Event: 14.933 Thread 0x000000001767c800 nmethod 2137% 0x0000000004194050 code [0x00000000041942c0, 0x00000000041956a8]
Event: 14.933 Thread 0x000000001767c800 2138 %     3       java.util.HashMap::resize @ 154 (359 bytes)
Event: 14.935 Thread 0x000000001767c800 nmethod 2138% 0x0000000004192210 code [0x0000000004192480, 0x0000000004193788]
Event: 14.935 Thread 0x000000001767c800 2139       3       java.util.HashMap::resize (359 bytes)
Event: 14.937 Thread 0x000000001767c800 nmethod 2139 0x00000000041ef750 code [0x00000000041ef9a0, 0x00000000041f0bc8]
Event: 14.946 Thread 0x000000001767c800 2140       2       java.util.DualPivotQuicksort::sort (614 bytes)
Event: 14.948 Thread 0x000000001767c800 nmethod 2140 0x00000000041f1310 code [0x00000000041f1560, 0x00000000041f22b8]
Event: 14.961 Thread 0x000000001767c800 2141       1       com.android.dx.cf.code.BaseMachine::getAuxInt (5 bytes)
Event: 14.961 Thread 0x000000001767c800 nmethod 2141 0x0000000004191f50 code [0x00000000041920a0, 0x00000000041921b0]

GC Heap History (10 events):
Event: 5.969 GC heap before
{Heap before GC invocations=5 (full 0):
 PSYoungGen      total 66048K, used 66017K [0x00000000eab00000, 0x00000000eee00000, 0x0000000100000000)
  eden space 63488K, 100% used [0x00000000eab00000,0x00000000ee900000,0x00000000ee900000)
  from space 2560K, 98% used [0x00000000eeb80000,0x00000000eedf85c0,0x00000000eee00000)
  to   space 2560K, 0% used [0x00000000ee900000,0x00000000ee900000,0x00000000eeb80000)
 ParOldGen       total 42496K, used 11886K [0x00000000c0000000, 0x00000000c2980000, 0x00000000eab00000)
  object space 42496K, 27% used [0x00000000c0000000,0x00000000c0b9b900,0x00000000c2980000)
 Metaspace       used 6295K, capacity 7152K, committed 7296K, reserved 1056768K
  class space    used 583K, capacity 616K, committed 640K, reserved 1048576K
Event: 6.008 GC heap after
Heap after GC invocations=5 (full 0):
 PSYoungGen      total 66048K, used 2545K [0x00000000eab00000, 0x00000000f4300000, 0x0000000100000000)
  eden space 63488K, 0% used [0x00000000eab00000,0x00000000eab00000,0x00000000ee900000)
  from space 2560K, 99% used [0x00000000ee900000,0x00000000eeb7c5d0,0x00000000eeb80000)
  to   space 14336K, 0% used [0x00000000f3500000,0x00000000f3500000,0x00000000f4300000)
 ParOldGen       total 42496K, used 21844K [0x00000000c0000000, 0x00000000c2980000, 0x00000000eab00000)
  object space 42496K, 51% used [0x00000000c0000000,0x00000000c1555220,0x00000000c2980000)
 Metaspace       used 6295K, capacity 7152K, committed 7296K, reserved 1056768K
  class space    used 583K, capacity 616K, committed 640K, reserved 1048576K
}
Event: 6.498 GC heap before
{Heap before GC invocations=6 (full 0):
 PSYoungGen      total 66048K, used 66033K [0x00000000eab00000, 0x00000000f4300000, 0x0000000100000000)
  eden space 63488K, 100% used [0x00000000eab00000,0x00000000ee900000,0x00000000ee900000)
  from space 2560K, 99% used [0x00000000ee900000,0x00000000eeb7c5d0,0x00000000eeb80000)
  to   space 14336K, 0% used [0x00000000f3500000,0x00000000f3500000,0x00000000f4300000)
 ParOldGen       total 42496K, used 21844K [0x00000000c0000000, 0x00000000c2980000, 0x00000000eab00000)
  object space 42496K, 51% used [0x00000000c0000000,0x00000000c1555220,0x00000000c2980000)
 Metaspace       used 6362K, capacity 7152K, committed 7296K, reserved 1056768K
  class space    used 583K, capacity 616K, committed 640K, reserved 1048576K
Event: 6.551 GC heap after
Heap after GC invocations=6 (full 0):
 PSYoungGen      total 139264K, used 12957K [0x00000000eab00000, 0x00000000f4700000, 0x0000000100000000)
  eden space 124928K, 0% used [0x00000000eab00000,0x00000000eab00000,0x00000000f2500000)
  from space 14336K, 90% used [0x00000000f3500000,0x00000000f41a7718,0x00000000f4300000)
  to   space 16384K, 0% used [0x00000000f2500000,0x00000000f2500000,0x00000000f3500000)
 ParOldGen       total 42496K, used 21852K [0x00000000c0000000, 0x00000000c2980000, 0x00000000eab00000)
  object space 42496K, 51% used [0x00000000c0000000,0x00000000c1557220,0x00000000c2980000)
 Metaspace       used 6362K, capacity 7152K, committed 7296K, reserved 1056768K
  class space    used 583K, capacity 616K, committed 640K, reserved 1048576K
}
Event: 7.478 GC heap before
{Heap before GC invocations=7 (full 0):
 PSYoungGen      total 139264K, used 137885K [0x00000000eab00000, 0x00000000f4700000, 0x0000000100000000)
  eden space 124928K, 100% used [0x00000000eab00000,0x00000000f2500000,0x00000000f2500000)
  from space 14336K, 90% used [0x00000000f3500000,0x00000000f41a7718,0x00000000f4300000)
  to   space 16384K, 0% used [0x00000000f2500000,0x00000000f2500000,0x00000000f3500000)
 ParOldGen       total 42496K, used 21852K [0x00000000c0000000, 0x00000000c2980000, 0x00000000eab00000)
  object space 42496K, 51% used [0x00000000c0000000,0x00000000c1557220,0x00000000c2980000)
 Metaspace       used 6522K, capacity 7220K, committed 7296K, reserved 1056768K
  class space    used 601K, capacity 620K, committed 640K, reserved 1048576K
Event: 7.563 GC heap after
Heap after GC invocations=7 (full 0):
 PSYoungGen      total 141312K, used 16357K [0x00000000eab00000, 0x00000000fd400000, 0x0000000100000000)
  eden space 124928K, 0% used [0x00000000eab00000,0x00000000eab00000,0x00000000f2500000)
  from space 16384K, 99% used [0x00000000f2500000,0x00000000f34f9698,0x00000000f3500000)
  to   space 27136K, 0% used [0x00000000fb980000,0x00000000fb980000,0x00000000fd400000)
 ParOldGen       total 42496K, used 36474K [0x00000000c0000000, 0x00000000c2980000, 0x00000000eab00000)
  object space 42496K, 85% used [0x00000000c0000000,0x00000000c239e8e8,0x00000000c2980000)
 Metaspace       used 6522K, capacity 7220K, committed 7296K, reserved 1056768K
  class space    used 601K, capacity 620K, committed 640K, reserved 1048576K
}
Event: 7.563 GC heap before
{Heap before GC invocations=8 (full 1):
 PSYoungGen      total 141312K, used 16357K [0x00000000eab00000, 0x00000000fd400000, 0x0000000100000000)
  eden space 124928K, 0% used [0x00000000eab00000,0x00000000eab00000,0x00000000f2500000)
  from space 16384K, 99% used [0x00000000f2500000,0x00000000f34f9698,0x00000000f3500000)
  to   space 27136K, 0% used [0x00000000fb980000,0x00000000fb980000,0x00000000fd400000)
 ParOldGen       total 42496K, used 36474K [0x00000000c0000000, 0x00000000c2980000, 0x00000000eab00000)
  object space 42496K, 85% used [0x00000000c0000000,0x00000000c239e8e8,0x00000000c2980000)
 Metaspace       used 6522K, capacity 7220K, committed 7296K, reserved 1056768K
  class space    used 601K, capacity 620K, committed 640K, reserved 1048576K
Event: 9.035 GC heap after
Heap after GC invocations=8 (full 1):
 PSYoungGen      total 141312K, used 7628K [0x00000000eab00000, 0x00000000fd400000, 0x0000000100000000)
  eden space 124928K, 0% used [0x00000000eab00000,0x00000000eab00000,0x00000000f2500000)
  from space 16384K, 46% used [0x00000000f2500000,0x00000000f2c73380,0x00000000f3500000)
  to   space 27136K, 0% used [0x00000000fb980000,0x00000000fb980000,0x00000000fd400000)
 ParOldGen       total 84480K, used 42025K [0x00000000c0000000, 0x00000000c5280000, 0x00000000eab00000)
  object space 84480K, 49% used [0x00000000c0000000,0x00000000c290a6e0,0x00000000c5280000)
 Metaspace       used 6522K, capacity 7220K, committed 7296K, reserved 1056768K
  class space    used 601K, capacity 620K, committed 640K, reserved 1048576K
}
Event: 14.356 GC heap before
{Heap before GC invocations=9 (full 1):
 PSYoungGen      total 141312K, used 132556K [0x00000000eab00000, 0x00000000fd400000, 0x0000000100000000)
  eden space 124928K, 100% used [0x00000000eab00000,0x00000000f2500000,0x00000000f2500000)
  from space 16384K, 46% used [0x00000000f2500000,0x00000000f2c73380,0x00000000f3500000)
  to   space 27136K, 0% used [0x00000000fb980000,0x00000000fb980000,0x00000000fd400000)
 ParOldGen       total 84480K, used 42025K [0x00000000c0000000, 0x00000000c5280000, 0x00000000eab00000)
  object space 84480K, 49% used [0x00000000c0000000,0x00000000c290a6e0,0x00000000c5280000)
 Metaspace       used 6531K, capacity 7220K, committed 7296K, reserved 1056768K
  class space    used 601K, capacity 620K, committed 640K, reserved 1048576K
Event: 14.854 GC heap after
Heap after GC invocations=9 (full 1):
 PSYoungGen      total 192512K, used 25970K [0x00000000eab00000, 0x00000000fd300000, 0x0000000100000000)
  eden space 166400K, 0% used [0x00000000eab00000,0x00000000eab00000,0x00000000f4d80000)
  from space 26112K, 99% used [0x00000000fb980000,0x00000000fd2dcba8,0x00000000fd300000)
  to   space 31744K, 0% used [0x00000000f9500000,0x00000000f9500000,0x00000000fb400000)
 ParOldGen       total 84480K, used 42025K [0x00000000c0000000, 0x00000000c5280000, 0x00000000eab00000)
  object space 84480K, 49% used [0x00000000c0000000,0x00000000c290a6e0,0x00000000c5280000)
 Metaspace       used 6531K, capacity 7220K, committed 7296K, reserved 1056768K
  class space    used 601K, capacity 620K, committed 640K, reserved 1048576K
}

Deoptimization events (10 events):
Event: 7.094 Thread 0x0000000017964800 Uncommon trap: reason=bimorphic action=maybe_recompile pc=0x0000000003e5c398 method=com.android.dx.ssa.LiteralOpUpgrader.tryReplacingWithConstant(Lcom/android/dx/ssa/NormalSsaInsn;)Z @ 62
Event: 7.383 Thread 0x0000000017964800 Uncommon trap: reason=unstable_if action=reinterpret pc=0x000000000402c72c method=java.util.HashMap.putVal(ILjava/lang/Object;Ljava/lang/Object;ZZ)Ljava/lang/Object; @ 109
Event: 10.381 Thread 0x0000000017964800 Uncommon trap: reason=bimorphic action=maybe_recompile pc=0x0000000004135044 method=com.android.dx.cf.code.BytecodeArray.parseInstruction(ILcom/android/dx/cf/code/BytecodeArray$Visitor;)I @ 1035
Event: 10.381 Thread 0x0000000017964800 Uncommon trap: reason=bimorphic action=maybe_recompile pc=0x0000000004134eb0 method=com.android.dx.cf.code.BytecodeArray.parseInstruction(ILcom/android/dx/cf/code/BytecodeArray$Visitor;)I @ 971
Event: 10.381 Thread 0x0000000017964800 Uncommon trap: reason=bimorphic action=maybe_recompile pc=0x0000000004134f3c method=com.android.dx.cf.code.BytecodeArray.parseInstruction(ILcom/android/dx/cf/code/BytecodeArray$Visitor;)I @ 987
Event: 10.381 Thread 0x0000000017964800 Uncommon trap: reason=bimorphic action=maybe_recompile pc=0x00000000041350d0 method=com.android.dx.cf.code.BytecodeArray.parseInstruction(ILcom/android/dx/cf/code/BytecodeArray$Visitor;)I @ 1051
Event: 10.382 Thread 0x0000000017964800 Uncommon trap: reason=bimorphic action=maybe_recompile pc=0x0000000004135044 method=com.android.dx.cf.code.BytecodeArray.parseInstruction(ILcom/android/dx/cf/code/BytecodeArray$Visitor;)I @ 1035
Event: 13.479 Thread 0x000000001796a000 Uncommon trap: reason=bimorphic action=maybe_recompile pc=0x0000000004171fb0 method=com.android.dx.cf.code.BytecodeArray.parseInstruction(ILcom/android/dx/cf/code/BytecodeArray$Visitor;)I @ 1287
Event: 13.479 Thread 0x000000001796a000 Uncommon trap: reason=bimorphic action=maybe_recompile pc=0x0000000004171fb0 method=com.android.dx.cf.code.BytecodeArray.parseInstruction(ILcom/android/dx/cf/code/BytecodeArray$Visitor;)I @ 1287
Event: 14.931 Thread 0x0000000017964800 Uncommon trap: reason=unstable_if action=reinterpret pc=0x0000000003f5be9c method=java.util.HashMap.resize()[Ljava/util/HashMap$Node; @ 206

Internal exceptions (6 events):
Event: 0.050 Thread 0x000000000340e000 Exception <a 'java/lang/NoSuchMethodError': Method sun.misc.Unsafe.defineClass(Ljava/lang/String;[BII)Ljava/lang/Class; name or signature does not match> (0x00000000eab07cc0) thrown at [C:\src\android\AOSP-openjdk\external\jetbrains\jdk\hotspot\src\share\ve©-à©?
Event: 0.051 Thread 0x000000000340e000 Exception <a 'java/lang/NoSuchMethodError': Method sun.misc.Unsafe.prefetchRead(Ljava/lang/Object;J)V name or signature does not match> (0x00000000eab07fa8) thrown at [C:\src\android\AOSP-openjdk\external\jetbrains\jdk\hotspot\src\share\vm\prims\jni.cpp, loE“ÍQà@
Event: 6.469 Thread 0x000000000340e000 Implicit null exception at 0x0000000003eb0587 to 0x0000000003eb1c75
Event: 6.973 Thread 0x0000000017964800 Exception <a 'java/lang/ArrayIndexOutOfBoundsException': 18> (0x00000000ee591e20) thrown at [C:\src\android\AOSP-openjdk\external\jetbrains\jdk\hotspot\src\share\vm\interpreter\interpreterRuntime.cpp, line 366]
Event: 6.974 Thread 0x0000000017964800 Exception <a 'java/lang/ArrayIndexOutOfBoundsException'> (0x00000000ee5939a0) thrown at [C:\src\android\AOSP-openjdk\external\jetbrains\jdk\hotspot\src\share\vm\runtime\sharedRuntime.cpp, line 605]
Event: 6.975 Thread 0x0000000017964800 Exception <a 'java/lang/ArrayIndexOutOfBoundsException'> (0x00000000ee594c88) thrown at [C:\src\android\AOSP-openjdk\external\jetbrains\jdk\hotspot\src\share\vm\runtime\sharedRuntime.cpp, line 605]

Events (10 events):
Event: 14.923 Thread 0x000000001796b800 DEOPT UNPACKING pc=0x00000000038b75bf sp=0x000000001831e570 mode 0
Event: 14.931 Thread 0x0000000017964800 Uncommon trap: trap_request=0xffffff65 fr.pc=0x0000000003f5be9c
Event: 14.931 Thread 0x0000000017964800 DEOPT PACKING pc=0x0000000003f5be9c sp=0x000000001811de00
Event: 14.931 Thread 0x0000000017964800 DEOPT UNPACKING pc=0x00000000038b556a sp=0x000000001811dd68 mode 2
Event: 14.956 Thread 0x0000000017964800 DEOPT PACKING pc=0x0000000003c8c975 sp=0x000000001811e7d0
Event: 14.956 Thread 0x0000000017964800 DEOPT UNPACKING pc=0x00000000038b75bf sp=0x000000001811e4b0 mode 0
Event: 14.964 Thread 0x0000000017964800 DEOPT PACKING pc=0x0000000003cf2f59 sp=0x000000001811e670
Event: 14.964 Thread 0x0000000017964800 DEOPT UNPACKING pc=0x00000000038b75bf sp=0x000000001811e4a0 mode 0
Event: 14.988 Thread 0x0000000017964800 DEOPT PACKING pc=0x0000000003bd987d sp=0x000000001811e800
Event: 14.988 Thread 0x0000000017964800 DEOPT UNPACKING pc=0x00000000038b75bf sp=0x000000001811e5a0 mode 0


Dynamic libraries:
0x00007ff601ad0000 - 0x00007ff601b01000 	C:\Program Files\Android\Android Studio\jre\bin\java.exe
0x00007ff972f90000 - 0x00007ff97313d000 	C:\WINDOWS\SYSTEM32\ntdll.dll
0x00007ff970850000 - 0x00007ff97098e000 	C:\WINDOWS\system32\KERNEL32.DLL
0x00007ff970500000 - 0x00007ff970615000 	C:\WINDOWS\system32\KERNELBASE.dll
0x00007ff9707a0000 - 0x00007ff97084a000 	C:\WINDOWS\system32\ADVAPI32.dll
0x00007ff9724b0000 - 0x00007ff972627000 	C:\WINDOWS\system32\USER32.dll
0x00007ff96c990000 - 0x00007ff96cc0b000 	C:\WINDOWS\WinSxS\amd64_microsoft.windows.common-controls_6595b64144ccf1df_6.0.9600.18006_none_623f33d3ecbe86e8\COMCTL32.dll
0x00007ff972b00000 - 0x00007ff972baa000 	C:\WINDOWS\system32\msvcrt.dll
0x00007ff972f30000 - 0x00007ff972f89000 	C:\WINDOWS\SYSTEM32\sechost.dll
0x00007ff972630000 - 0x00007ff972770000 	C:\WINDOWS\system32\RPCRT4.dll
0x00007ff972de0000 - 0x00007ff972f2f000 	C:\WINDOWS\system32\GDI32.dll
0x00007ff9704d0000 - 0x00007ff9704fe000 	C:\WINDOWS\system32\SspiCli.dll
0x00007ff9722c0000 - 0x00007ff9722f6000 	C:\WINDOWS\system32\IMM32.DLL
0x00007ff970620000 - 0x00007ff970772000 	C:\WINDOWS\system32\MSCTF.dll
0x00007ff95d580000 - 0x00007ff95d61a000 	C:\WINDOWS\system32\tmumh\20019\AddOn\7.0.0.1099\TmUmEvt64.dll
0x00007ff970ab0000 - 0x00007ff970ab7000 	C:\WINDOWS\system32\PSAPI.DLL
0x00007ff970990000 - 0x00007ff9709e4000 	C:\WINDOWS\system32\SHLWAPI.dll
0x00007ff972bb0000 - 0x00007ff972dc1000 	C:\WINDOWS\SYSTEM32\combase.dll
0x000000005eaf0000 - 0x000000005ec04000 	C:\WINDOWS\system32\tmumh\20019\TmMon\2.5.0.2009\tmmon64.dll
0x00007ff96c2c0000 - 0x00007ff96c2ca000 	C:\WINDOWS\SYSTEM32\VERSION.dll
0x000000005ea10000 - 0x000000005eae2000 	C:\Program Files\Android\Android Studio\jre\jre\bin\msvcr100.dll
0x000000005d3c0000 - 0x000000005dbf4000 	C:\Program Files\Android\Android Studio\jre\jre\bin\server\jvm.dll
0x00007ff964ae0000 - 0x00007ff964ae9000 	C:\WINDOWS\SYSTEM32\WSOCK32.dll
0x00007ff964b20000 - 0x00007ff964b42000 	C:\WINDOWS\SYSTEM32\WINMM.dll
0x00007ff9721a0000 - 0x00007ff9721fa000 	C:\WINDOWS\system32\WS2_32.dll
0x00007ff964af0000 - 0x00007ff964b1a000 	C:\WINDOWS\SYSTEM32\WINMMBASE.dll
0x00007ff970b20000 - 0x00007ff970b29000 	C:\WINDOWS\system32\NSI.dll
0x00007ff970190000 - 0x00007ff9701df000 	C:\WINDOWS\SYSTEM32\cfgmgr32.dll
0x00007ff96eee0000 - 0x00007ff96ef08000 	C:\WINDOWS\SYSTEM32\DEVOBJ.dll
0x00007ff96c260000 - 0x00007ff96c26f000 	C:\Program Files\Android\Android Studio\jre\jre\bin\verify.dll
0x00007ff96b1d0000 - 0x00007ff96b1f9000 	C:\Program Files\Android\Android Studio\jre\jre\bin\java.dll
0x00007ff96c150000 - 0x00007ff96c166000 	C:\Program Files\Android\Android Studio\jre\jre\bin\zip.dll
0x00007ff970c70000 - 0x00007ff972199000 	C:\WINDOWS\system32\SHELL32.dll
0x00007ff96e2b0000 - 0x00007ff96e362000 	C:\WINDOWS\SYSTEM32\SHCORE.dll
0x00007ff9700c0000 - 0x00007ff9700d5000 	C:\WINDOWS\SYSTEM32\profapi.dll

VM Arguments:
jvm_args: -Djava.awt.headless=true -Xmx1024M -Dfile.encoding=windows-31j -Duser.country=JP -Duser.language=ja -Duser.variant 
java_command: com.android.dx.command.Main --dex --force-jumbo --num-threads=4 --multi-dex --output C:\AndroidStudioProject\Defence3D\app\build\intermediates\transforms\dex\debug\folders\1000\10\com.android.support-support-v4-23.4.0_04c65939b6d748a372362228788f7d9a0047bda3 C:\AndroidStudioProject\Defence3D\app\build\intermediates\exploded-aar\com.android.support\support-v4\23.4.0\jars\classes.jar
java_class_path (initial): C:\adt-bundle-windows-x86_64-20140702\sdk\build-tools\23.0.3\lib\dx.jar
Launcher Type: SUN_STANDARD

Environment Variables:
JAVA_HOME=C:\Program Files\Java\jdk1.8.0_45
CLASSPATH=.;C:\Program Files (x86)\QuickTime\QTSystem\QTJava.zip
PATH=C:\Program Files\Haskell\bin;C:\Program Files\Haskell Platform\2014.2.0.0\lib\extralibs\bin;C:\Program Files\Haskell Platform\2014.2.0.0\bin;C:\ProgramData\Oracle\Java\javapath;C:\Program Files\Java\jdk1.7.0_45\bin;C:\Program Files (x86)\Intel\iCLS Client\;C:\Program Files\Intel\iCLS Client\;C:\WINDOWS\system32;C:\WINDOWS;C:\WINDOWS\System32\Wbem;C:\WINDOWS\System32\WindowsPowerShell\v1.0\;C:\Program Files (x86)\Intel\OpenCL SDK\2.0\bin\x86;C:\Program Files (x86)\Intel\OpenCL SDK\2.0\bin\x64;C:\Program Files\Intel\Intel(R) Management Engine Components\DAL;C:\Program Files\Intel\Intel(R) Management Engine Components\IPT;C:\Program Files (x86)\Intel\Intel(R) Management Engine Components\DAL;C:\Program Files (x86)\Intel\Intel(R) Management Engine Components\IPT;C:\Program Files (x86)\Symantec\VIP Access Client\;C:\Program Files\Intel\WiFi\bin\;C:\Program Files\Common Files\Intel\WirelessCommon\;C:\Program Files\Microsoft SQL Server\110\Tools\Binn\;c:\Program Files (x86)\Microsoft SQL Server\100\Tools\Binn\;c:\Program Files\Microsoft SQL Server\100\Tools\Binn\;c:\Program Files\Microsoft SQL Server\100\DTS\Binn\;C:\Program Files (x86)\QuickTime\QTSystem\;C:\adt-bundle-windows-x86_64-20140702\sdk\platform-tools;C:\Program Files (x86)\Toshiba\Bluetooth Toshiba Stack\sys\;C:\Program Files (x86)\Toshiba\Bluetooth Toshiba Stack\sys\x64\;C:\Program Files\Haskell Platform\2014.2.0.0\mingw\bin;C:\Program Files\Microsoft\Web Platform Installer\;C:\Users\ƒeƒcƒ„\.dnx\bin;C:\Program Files\Microsoft DNX\Dnvm\;C:\Program Files (x86)\Windows Kits\8.1\Windows Performance Toolkit\;C:\Program Files (x86)\Skype\Phone\;C:\Users\ƒeƒcƒ„\AppData\Roaming\cabal\bin;C:\GNUstep\bin;C:\GNUstep\GNUstep\System\Tools;C:\Program Files (x86)\Vim\vim74;C:\Program Files\Haskell Platform\2014.2.0.0\bin;C:\common files\Util\tools\tpad090;C:\nasm\nasm-2.11.08
USERNAME=ƒeƒcƒ„
OS=Windows_NT
PROCESSOR_IDENTIFIER=Intel64 Family 6 Model 58 Stepping 9, GenuineIntel



---------------  S Y S T E M  ---------------

OS: Windows 8.1 , 64 bit Build 9600 (6.3.9600.17415)

CPU:total 4 (2 cores per cpu, 2 threads per core) family 6 model 58 stepping 9, cmov, cx8, fxsr, mmx, sse, sse2, sse3, ssse3, sse4.1, sse4.2, popcnt, avx, aes, clmul, erms, ht, tsc, tscinvbit, tscinv

Memory: 4k page, physical 4053208k(430584k free), swap 5751044k(5432k free)

vm_info: OpenJDK 64-Bit Server VM (25.76-b03) for windows-amd64 JRE (1.8.0_76-release-b03), built on Jun 29 2016 19:09:20 by "ralucas" with MS VC++ 10.0 (VS2010)

time: Sun Oct 02 16:37:36 2016
elapsed time: 15 seconds (0d 0h 0m 15s)

