#
# There is insufficient memory for the Java Runtime Environment to continue.
# Native memory allocation (malloc) failed to allocate 294816 bytes for Chunk::new
# Possible reasons:
#   The system is out of physical RAM or swap space
#   In 32 bit mode, the process size limit was hit
# Possible solutions:
#   Reduce memory load on the system
#   Increase physical memory or swap space
#   Check if swap backing store is full
#   Use 64 bit Java on a 64 bit OS
#   Decrease Java heap size (-Xmx/-Xms)
#   Decrease number of Java threads
#   Decrease Java thread stack sizes (-Xss)
#   Set larger code cache with -XX:ReservedCodeCacheSize=
# This output file may be truncated or incomplete.
#
#  Out of Memory Error (allocation.cpp:390), pid=9724, tid=0x00000000000015ec
#
# JRE version: OpenJDK Runtime Environment (8.0_76-b03) (build 1.8.0_76-release-b03)
# Java VM: OpenJDK 64-Bit Server VM (25.76-b03 mixed mode windows-amd64 compressed oops)
# Failed to write core dump. Minidumps are not enabled by default on client versions of Windows
#

---------------  T H R E A D  ---------------

Current thread (0x0000000015f82800):  JavaThread "C2 CompilerThread0" daemon [_thread_in_native, id=5612, stack(0x0000000017520000,0x0000000017620000)]

Stack: [0x0000000017520000,0x0000000017620000]
[error occurred during error reporting (printing stack bounds), id 0xc0000005]

Native frames: (J=compiled Java code, j=interpreted, Vv=VM code, C=native code)


Current CompileTask:
C2:   4818 1049       4       com.android.dx.ssa.LocalVariableExtractor::processBlock (383 bytes)


---------------  P R O C E S S  ---------------

Java Threads: ( => current thread )
  0x00000000177d9000 JavaThread "pool-2-thread-4" [_thread_blocked, id=9084, stack(0x0000000018220000,0x0000000018320000)]
  0x00000000177d3000 JavaThread "pool-2-thread-3" [_thread_blocked, id=4596, stack(0x0000000018120000,0x0000000018220000)]
  0x00000000177d1800 JavaThread "pool-2-thread-2" [_thread_in_Java, id=9308, stack(0x0000000018020000,0x0000000018120000)]
  0x00000000177cc800 JavaThread "pool-3-thread-1" [_thread_blocked, id=9516, stack(0x0000000017f20000,0x0000000018020000)]
  0x00000000177cb800 JavaThread "pool-2-thread-1" [_thread_in_Java, id=4108, stack(0x0000000017e20000,0x0000000017f20000)]
  0x0000000017678000 JavaThread "Service Thread" daemon [_thread_blocked, id=1220, stack(0x0000000017c20000,0x0000000017d20000)]
  0x0000000017675000 JavaThread "C1 CompilerThread2" daemon [_thread_in_native, id=2368, stack(0x0000000017b20000,0x0000000017c20000)]
  0x0000000015f8d800 JavaThread "C2 CompilerThread1" daemon [_thread_in_native, id=7468, stack(0x0000000017a20000,0x0000000017b20000)]
=>0x0000000015f82800 JavaThread "C2 CompilerThread0" daemon [_thread_in_native, id=5612, stack(0x0000000017520000,0x0000000017620000)]
  0x0000000015f3e800 JavaThread "Attach Listener" daemon [_thread_blocked, id=7584, stack(0x0000000017420000,0x0000000017520000)]
  0x0000000015f3d800 JavaThread "Signal Dispatcher" daemon [_thread_blocked, id=1200, stack(0x0000000017320000,0x0000000017420000)]
  0x000000000385b800 JavaThread "Finalizer" daemon [_thread_blocked, id=7976, stack(0x00000000171a0000,0x00000000172a0000)]
  0x0000000003850800 JavaThread "Reference Handler" daemon [_thread_blocked, id=10372, stack(0x00000000170a0000,0x00000000171a0000)]
  0x000000000332e000 JavaThread "main" [_thread_in_vm, id=10492, stack(0x0000000003330000,0x0000000003430000)]

Other Threads:
  0x0000000015ef6000 VMThread [stack: 0x0000000016fa0000,0x00000000170a0000] [id=6636]
  0x000000001767a000 WatcherThread [stack: 0x0000000017d20000,0x0000000017e20000] [id=8576]

VM state:not at safepoint (normal execution)

VM Mutex/Monitor currently owned by a thread: None

Heap:
 PSYoungGen      total 18432K, used 12110K [0x00000000eab00000, 0x00000000ecf00000, 0x0000000100000000)
  eden space 15872K, 60% used [0x00000000eab00000,0x00000000eb456260,0x00000000eba80000)
  from space 2560K, 99% used [0x00000000ebd00000,0x00000000ebf7d620,0x00000000ebf80000)
  to   space 2560K, 0% used [0x00000000eba80000,0x00000000eba80000,0x00000000ebd00000)
 ParOldGen       total 42496K, used 3885K [0x00000000c0000000, 0x00000000c2980000, 0x00000000eab00000)
  object space 42496K, 9% used [0x00000000c0000000,0x00000000c03cb4f0,0x00000000c2980000)
 Metaspace       used 5882K, capacity 6832K, committed 7040K, reserved 1056768K
  class space    used 579K, capacity 616K, committed 640K, reserved 1048576K

Card table byte_map: [0x0000000012c20000,0x0000000012e30000] byte_map_base: 0x0000000012620000

Marking Bits: (ParMarkBitMap*) 0x000000005db79d00
 Begin Bits: [0x0000000013390000, 0x0000000014390000)
 End Bits:   [0x0000000014390000, 0x0000000015390000)

Polling page: 0x0000000001360000

CodeCache: size=245760Kb used=4060Kb max_used=4060Kb free=241699Kb
 bounds [0x0000000003860000, 0x0000000003c60000, 0x0000000012860000]
 total_blobs=1306 nmethods=1036 adapters=184
 compilation: enabled

Compilation events (10 events):
Event: 4.812 Thread 0x0000000017675000 nmethod 1107 0x0000000003c49650 code [0x0000000003c498e0, 0x0000000003c4a0e8]
Event: 4.812 Thread 0x0000000017675000 1109       3       com.android.dx.rop.code.RegisterSpecSet::intersect (117 bytes)
Event: 4.813 Thread 0x0000000017675000 nmethod 1109 0x0000000003c53210 code [0x0000000003c53400, 0x0000000003c53df8]
Event: 4.813 Thread 0x0000000017675000 1110       3       com.android.dx.rop.code.RegisterSpecSet::equals (106 bytes)
Event: 4.813 Thread 0x0000000017675000 nmethod 1110 0x0000000003c54450 code [0x0000000003c54620, 0x0000000003c54e48]
Event: 4.814 Thread 0x0000000017675000 1115       2       com.android.dx.cf.code.ByteCatchList::toTargetList (114 bytes)
Event: 4.814 Thread 0x0000000017675000 nmethod 1115 0x0000000003c55150 code [0x0000000003c55320, 0x0000000003c55808]
Event: 4.814 Thread 0x0000000017675000 1093       2       com.android.dx.util.LabeledList::getMaxLabel (47 bytes)
Event: 4.815 Thread 0x0000000017675000 nmethod 1093 0x0000000003c55b90 code [0x0000000003c55d00, 0x0000000003c55f58]
Event: 4.815 Thread 0x0000000017675000 1103       2       com.android.dx.cf.code.Ropper::addBlock (37 bytes)

GC Heap History (4 events):
Event: 2.941 GC heap before
{Heap before GC invocations=1 (full 0):
 PSYoungGen      total 18432K, used 15872K [0x00000000eab00000, 0x00000000ebf80000, 0x0000000100000000)
  eden space 15872K, 100% used [0x00000000eab00000,0x00000000eba80000,0x00000000eba80000)
  from space 2560K, 0% used [0x00000000ebd00000,0x00000000ebd00000,0x00000000ebf80000)
  to   space 2560K, 0% used [0x00000000eba80000,0x00000000eba80000,0x00000000ebd00000)
 ParOldGen       total 42496K, used 0K [0x00000000c0000000, 0x00000000c2980000, 0x00000000eab00000)
  object space 42496K, 0% used [0x00000000c0000000,0x00000000c0000000,0x00000000c2980000)
 Metaspace       used 5738K, capacity 6704K, committed 6784K, reserved 1056768K
  class space    used 574K, capacity 616K, committed 640K, reserved 1048576K
Event: 2.963 GC heap after
Heap after GC invocations=1 (full 0):
 PSYoungGen      total 18432K, used 2544K [0x00000000eab00000, 0x00000000ebf80000, 0x0000000100000000)
  eden space 15872K, 0% used [0x00000000eab00000,0x00000000eab00000,0x00000000eba80000)
  from space 2560K, 99% used [0x00000000eba80000,0x00000000ebcfc0c8,0x00000000ebd00000)
  to   space 2560K, 0% used [0x00000000ebd00000,0x00000000ebd00000,0x00000000ebf80000)
 ParOldGen       total 42496K, used 2079K [0x00000000c0000000, 0x00000000c2980000, 0x00000000eab00000)
  object space 42496K, 4% used [0x00000000c0000000,0x00000000c0207e88,0x00000000c2980000)
 Metaspace       used 5738K, capacity 6704K, committed 6784K, reserved 1056768K
  class space    used 574K, capacity 616K, committed 640K, reserved 1048576K
}
Event: 4.394 GC heap before
{Heap before GC invocations=2 (full 0):
 PSYoungGen      total 18432K, used 18416K [0x00000000eab00000, 0x00000000ebf80000, 0x0000000100000000)
  eden space 15872K, 100% used [0x00000000eab00000,0x00000000eba80000,0x00000000eba80000)
  from space 2560K, 99% used [0x00000000eba80000,0x00000000ebcfc0c8,0x00000000ebd00000)
  to   space 2560K, 0% used [0x00000000ebd00000,0x00000000ebd00000,0x00000000ebf80000)
 ParOldGen       total 42496K, used 2079K [0x00000000c0000000, 0x00000000c2980000, 0x00000000eab00000)
  object space 42496K, 4% used [0x00000000c0000000,0x00000000c0207e88,0x00000000c2980000)
 Metaspace       used 5830K, capacity 6768K, committed 7040K, reserved 1056768K
  class space    used 576K, capacity 616K, committed 640K, reserved 1048576K
Event: 4.492 GC heap after
Heap after GC invocations=2 (full 0):
 PSYoungGen      total 18432K, used 2549K [0x00000000eab00000, 0x00000000ecf00000, 0x0000000100000000)
  eden space 15872K, 0% used [0x00000000eab00000,0x00000000eab00000,0x00000000eba80000)
  from space 2560K, 99% used [0x00000000ebd00000,0x00000000ebf7d620,0x00000000ebf80000)
  to   space 2560K, 0% used [0x00000000eba80000,0x00000000eba80000,0x00000000ebd00000)
 ParOldGen       total 42496K, used 3885K [0x00000000c0000000, 0x00000000c2980000, 0x00000000eab00000)
  object space 42496K, 9% used [0x00000000c0000000,0x00000000c03cb4f0,0x00000000c2980000)
 Metaspace       used 5830K, capacity 6768K, committed 7040K, reserved 1056768K
  class space    used 576K, capacity 616K, committed 640K, reserved 1048576K
}

Deoptimization events (9 events):
Event: 2.923 Thread 0x00000000177cb800 Uncommon trap: reason=unstable_if action=reinterpret pc=0x0000000003b508b8 method=com.android.dx.ssa.SsaInsn.getLocalAssignment()Lcom/android/dx/rop/code/RegisterSpec; @ 14
Event: 3.060 Thread 0x00000000177d1800 Uncommon trap: reason=class_check action=maybe_recompile pc=0x0000000003b53870 method=com.android.dx.ssa.NormalSsaInsn.accept(Lcom/android/dx/ssa/SsaInsn$Visitor;)V @ 9
Event: 3.060 Thread 0x00000000177d1800 Uncommon trap: reason=class_check action=maybe_recompile pc=0x0000000003b53870 method=com.android.dx.ssa.NormalSsaInsn.accept(Lcom/android/dx/ssa/SsaInsn$Visitor;)V @ 9
Event: 3.060 Thread 0x00000000177d1800 Uncommon trap: reason=class_check action=maybe_recompile pc=0x0000000003b53870 method=com.android.dx.ssa.NormalSsaInsn.accept(Lcom/android/dx/ssa/SsaInsn$Visitor;)V @ 9
Event: 3.061 Thread 0x00000000177d1800 Uncommon trap: reason=class_check action=maybe_recompile pc=0x0000000003b53870 method=com.android.dx.ssa.NormalSsaInsn.accept(Lcom/android/dx/ssa/SsaInsn$Visitor;)V @ 9
Event: 3.061 Thread 0x00000000177d1800 Uncommon trap: reason=class_check action=maybe_recompile pc=0x0000000003b131f0 method=com.android.dx.ssa.NormalSsaInsn.accept(Lcom/android/dx/ssa/SsaInsn$Visitor;)V @ 9
Event: 3.908 Thread 0x00000000177d9000 Uncommon trap: reason=bimorphic action=maybe_recompile pc=0x0000000003ac2618 method=java.util.HashMap.getNode(ILjava/lang/Object;)Ljava/util/HashMap$Node; @ 126
Event: 4.015 Thread 0x00000000177d3000 Uncommon trap: reason=unstable_if action=reinterpret pc=0x0000000003bf59dc method=com.android.dx.rop.cst.Constant.compareTo(Lcom/android/dx/rop/cst/Constant;)I @ 12
Event: 4.496 Thread 0x00000000177d3000 Uncommon trap: reason=unstable_if action=reinterpret pc=0x0000000003bf7adc method=com.android.dx.rop.code.RegisterSpec.equals(ILcom/android/dx/rop/type/TypeBearer;Lcom/android/dx/rop/code/LocalItem;)Z @ 42

Internal exceptions (2 events):
Event: 0.346 Thread 0x000000000332e000 Exception <a 'java/lang/NoSuchMethodError': Method sun.misc.Unsafe.defineClass(Ljava/lang/String;[BII)Ljava/lang/Class; name or signature does not match> (0x00000000eab07cc0) thrown at [C:\src\android\AOSP-openjdk\external\jetbrains\jdk\hotspot\src\share\vF-ｹ'ﾖ?
Event: 0.346 Thread 0x000000000332e000 Exception <a 'java/lang/NoSuchMethodError': Method sun.misc.Unsafe.prefetchRead(Ljava/lang/Object;J)V name or signature does not match> (0x00000000eab07fa8) thrown at [C:\src\android\AOSP-openjdk\external\jetbrains\jdk\hotspot\src\share\vm\prims\jni.cpp, l

Events (10 events):
Event: 4.806 Thread 0x00000000177d9000 DEOPT PACKING pc=0x0000000003b7ccc2 sp=0x000000001831ea40
Event: 4.806 Thread 0x00000000177d9000 DEOPT UNPACKING pc=0x00000000038a75bf sp=0x000000001831e7a8 mode 0
Event: 4.808 Thread 0x00000000177d9000 DEOPT PACKING pc=0x0000000003b7ccc2 sp=0x000000001831ea40
Event: 4.808 Thread 0x00000000177d9000 DEOPT UNPACKING pc=0x00000000038a75bf sp=0x000000001831e7a8 mode 0
Event: 4.809 Thread 0x00000000177d9000 DEOPT PACKING pc=0x0000000003b7ccc2 sp=0x000000001831ea40
Event: 4.809 Thread 0x00000000177d9000 DEOPT UNPACKING pc=0x00000000038a75bf sp=0x000000001831e7a8 mode 0
Event: 4.810 Thread 0x00000000177d9000 DEOPT PACKING pc=0x0000000003b7ccc2 sp=0x000000001831ea40
Event: 4.810 Thread 0x00000000177d9000 DEOPT UNPACKING pc=0x00000000038a75bf sp=0x000000001831e7a8 mode 0
Event: 4.814 loading class com/android/dx/cf/code/SwitchList
Event: 4.814 loading class com/android/dx/cf/code/SwitchList done


Dynamic libraries:
0x00007ff601ad0000 - 0x00007ff601b01000 	C:\Program Files\Android\Android Studio\jre\bin\java.exe
0x00007ff972f90000 - 0x00007ff97313d000 	C:\WINDOWS\SYSTEM32\ntdll.dll
0x00007ff970850000 - 0x00007ff97098e000 	C:\WINDOWS\system32\KERNEL32.DLL
0x00007ff970500000 - 0x00007ff970615000 	C:\WINDOWS\system32\KERNELBASE.dll
0x00007ff9707a0000 - 0x00007ff97084a000 	C:\WINDOWS\system32\ADVAPI32.dll
0x00007ff9724b0000 - 0x00007ff972627000 	C:\WINDOWS\system32\USER32.dll
0x00007ff96c990000 - 0x00007ff96cc0b000 	C:\WINDOWS\WinSxS\amd64_microsoft.windows.common-controls_6595b64144ccf1df_6.0.9600.18006_none_623f33d3ecbe86e8\COMCTL32.dll
0x00007ff972b00000 - 0x00007ff972baa000 	C:\WINDOWS\system32\msvcrt.dll
0x00007ff972f30000 - 0x00007ff972f89000 	C:\WINDOWS\SYSTEM32\sechost.dll
0x00007ff972630000 - 0x00007ff972770000 	C:\WINDOWS\system32\RPCRT4.dll
0x00007ff972de0000 - 0x00007ff972f2f000 	C:\WINDOWS\system32\GDI32.dll
0x00007ff9704d0000 - 0x00007ff9704fe000 	C:\WINDOWS\system32\SspiCli.dll
0x00007ff9722c0000 - 0x00007ff9722f6000 	C:\WINDOWS\system32\IMM32.DLL
0x00007ff970620000 - 0x00007ff970772000 	C:\WINDOWS\system32\MSCTF.dll
0x00007ff95d580000 - 0x00007ff95d61a000 	C:\WINDOWS\system32\tmumh\20019\AddOn\7.0.0.1099\TmUmEvt64.dll
0x00007ff970ab0000 - 0x00007ff970ab7000 	C:\WINDOWS\system32\PSAPI.DLL
0x00007ff970990000 - 0x00007ff9709e4000 	C:\WINDOWS\system32\SHLWAPI.dll
0x00007ff972bb0000 - 0x00007ff972dc1000 	C:\WINDOWS\SYSTEM32\combase.dll
0x000000005eaf0000 - 0x000000005ec04000 	C:\WINDOWS\system32\tmumh\20019\TmMon\2.5.0.2009\tmmon64.dll
0x00007ff96c2c0000 - 0x00007ff96c2ca000 	C:\WINDOWS\SYSTEM32\VERSION.dll
0x000000005ea10000 - 0x000000005eae2000 	C:\Program Files\Android\Android Studio\jre\jre\bin\msvcr100.dll
0x000000005d3c0000 - 0x000000005dbf4000 	C:\Program Files\Android\Android Studio\jre\jre\bin\server\jvm.dll
0x00007ff964ae0000 - 0x00007ff964ae9000 	C:\WINDOWS\SYSTEM32\WSOCK32.dll
0x00007ff964b20000 - 0x00007ff964b42000 	C:\WINDOWS\SYSTEM32\WINMM.dll
0x00007ff9721a0000 - 0x00007ff9721fa000 	C:\WINDOWS\system32\WS2_32.dll
0x00007ff964af0000 - 0x00007ff964b1a000 	C:\WINDOWS\SYSTEM32\WINMMBASE.dll
0x00007ff970b20000 - 0x00007ff970b29000 	C:\WINDOWS\system32\NSI.dll
0x00007ff970190000 - 0x00007ff9701df000 	C:\WINDOWS\SYSTEM32\cfgmgr32.dll
0x00007ff96eee0000 - 0x00007ff96ef08000 	C:\WINDOWS\SYSTEM32\DEVOBJ.dll
0x00007ff96c260000 - 0x00007ff96c26f000 	C:\Program Files\Android\Android Studio\jre\jre\bin\verify.dll
0x00007ff96b1d0000 - 0x00007ff96b1f9000 	C:\Program Files\Android\Android Studio\jre\jre\bin\java.dll
0x00007ff96c150000 - 0x00007ff96c166000 	C:\Program Files\Android\Android Studio\jre\jre\bin\zip.dll
0x00007ff970c70000 - 0x00007ff972199000 	C:\WINDOWS\system32\SHELL32.dll
0x00007ff96e2b0000 - 0x00007ff96e362000 	C:\WINDOWS\SYSTEM32\SHCORE.dll
0x00007ff9700c0000 - 0x00007ff9700d5000 	C:\WINDOWS\SYSTEM32\profapi.dll

VM Arguments:
jvm_args: -Djava.awt.headless=true -Xmx1024M -Dfile.encoding=windows-31j -Duser.country=JP -Duser.language=ja -Duser.variant 
java_command: com.android.dx.command.Main --dex --force-jumbo --num-threads=4 --multi-dex --output C:\AndroidStudioProject\Defence3D\app\build\intermediates\transforms\dex\debug\folders\1000\10\instant-run_a7b7ffd9c5e82e08895d5f8208e512a5972129d6 C:\AndroidStudioProject\Defence3D\app\build\intermediates\incremental-runtime-classes\debug\instant-run.jar
java_class_path (initial): C:\adt-bundle-windows-x86_64-20140702\sdk\build-tools\23.0.3\lib\dx.jar
Launcher Type: SUN_STANDARD

Environment Variables:
JAVA_HOME=C:\Program Files\Java\jdk1.8.0_45
CLASSPATH=.;C:\Program Files (x86)\QuickTime\QTSystem\QTJava.zip
PATH=C:\Program Files\Haskell\bin;C:\Program Files\Haskell Platform\2014.2.0.0\lib\extralibs\bin;C:\Program Files\Haskell Platform\2014.2.0.0\bin;C:\ProgramData\Oracle\Java\javapath;C:\Program Files\Java\jdk1.7.0_45\bin;C:\Program Files (x86)\Intel\iCLS Client\;C:\Program Files\Intel\iCLS Client\;C:\WINDOWS\system32;C:\WINDOWS;C:\WINDOWS\System32\Wbem;C:\WINDOWS\System32\WindowsPowerShell\v1.0\;C:\Program Files (x86)\Intel\OpenCL SDK\2.0\bin\x86;C:\Program Files (x86)\Intel\OpenCL SDK\2.0\bin\x64;C:\Program Files\Intel\Intel(R) Management Engine Components\DAL;C:\Program Files\Intel\Intel(R) Management Engine Components\IPT;C:\Program Files (x86)\Intel\Intel(R) Management Engine Components\DAL;C:\Program Files (x86)\Intel\Intel(R) Management Engine Components\IPT;C:\Program Files (x86)\Symantec\VIP Access Client\;C:\Program Files\Intel\WiFi\bin\;C:\Program Files\Common Files\Intel\WirelessCommon\;C:\Program Files\Microsoft SQL Server\110\Tools\Binn\;c:\Program Files (x86)\Microsoft SQL Server\100\Tools\Binn\;c:\Program Files\Microsoft SQL Server\100\Tools\Binn\;c:\Program Files\Microsoft SQL Server\100\DTS\Binn\;C:\Program Files (x86)\QuickTime\QTSystem\;C:\adt-bundle-windows-x86_64-20140702\sdk\platform-tools;C:\Program Files (x86)\Toshiba\Bluetooth Toshiba Stack\sys\;C:\Program Files (x86)\Toshiba\Bluetooth Toshiba Stack\sys\x64\;C:\Program Files\Haskell Platform\2014.2.0.0\mingw\bin;C:\Program Files\Microsoft\Web Platform Installer\;C:\Users\テツヤ\.dnx\bin;C:\Program Files\Microsoft DNX\Dnvm\;C:\Program Files (x86)\Windows Kits\8.1\Windows Performance Toolkit\;C:\Program Files (x86)\Skype\Phone\;C:\Users\テツヤ\AppData\Roaming\cabal\bin;C:\GNUstep\bin;C:\GNUstep\GNUstep\System\Tools;C:\Program Files (x86)\Vim\vim74;C:\Program Files\Haskell Platform\2014.2.0.0\bin;C:\common files\Util\tools\tpad090;C:\nasm\nasm-2.11.08
USERNAME=テツヤ
OS=Windows_NT
PROCESSOR_IDENTIFIER=Intel64 Family 6 Model 58 Stepping 9, GenuineIntel



---------------  S Y S T E M  ---------------

OS: Windows 8.1 , 64 bit Build 9600 (6.3.9600.17415)

CPU:total 4 (2 cores per cpu, 2 threads per core) family 6 model 58 stepping 9, cmov, cx8, fxsr, mmx, sse, sse2, sse3, ssse3, sse4.1, sse4.2, popcnt, avx, aes, clmul, erms, ht, tsc, tscinvbit, tscinv

Memory: 4k page, physical 4053208k(438704k free), swap 5751044k(5432k free)

vm_info: OpenJDK 64-Bit Server VM (25.76-b03) for windows-amd64 JRE (1.8.0_76-release-b03), built on Jun 29 2016 19:09:20 by "ralucas" with MS VC++ 10.0 (VS2010)

time: Sun Oct 02 14:50:45 2016
elapsed time: 4 seconds (0d 0h 0m 4s)

