#
# There is insufficient memory for the Java Runtime Environment to continue.
# Native memory allocation (malloc) failed to allocate 917744 bytes for Chunk::new
# Possible reasons:
#   The system is out of physical RAM or swap space
#   In 32 bit mode, the process size limit was hit
# Possible solutions:
#   Reduce memory load on the system
#   Increase physical memory or swap space
#   Check if swap backing store is full
#   Use 64 bit Java on a 64 bit OS
#   Decrease Java heap size (-Xmx/-Xms)
#   Decrease number of Java threads
#   Decrease Java thread stack sizes (-Xss)
#   Set larger code cache with -XX:ReservedCodeCacheSize=
# This output file may be truncated or incomplete.
#
#  Out of Memory Error (allocation.cpp:390), pid=2316, tid=0x0000000000001e14
#
# JRE version: OpenJDK Runtime Environment (8.0_76-b03) (build 1.8.0_76-release-b03)
# Java VM: OpenJDK 64-Bit Server VM (25.76-b03 mixed mode windows-amd64 compressed oops)
# Failed to write core dump. Minidumps are not enabled by default on client versions of Windows
#

---------------  T H R E A D  ---------------

Current thread (0x0000000015213000):  JavaThread "C2 CompilerThread0" daemon [_thread_in_native, id=7700, stack(0x0000000016790000,0x0000000016890000)]

Stack: [0x0000000016790000,0x0000000016890000]
[error occurred during error reporting (printing stack bounds), id 0xc0000005]

Native frames: (J=compiled Java code, j=interpreted, Vv=VM code, C=native code)


Current CompileTask:
C2:  15297 1735       4       com.android.dx.dex.code.RopToDop::dopFor (792 bytes)


---------------  P R O C E S S  ---------------

Java Threads: ( => current thread )
  0x0000000016bd6800 JavaThread "pool-2-thread-4" [_thread_in_Java, id=9532, stack(0x0000000017490000,0x0000000017590000)]
  0x0000000016c16800 JavaThread "pool-2-thread-3" [_thread_in_Java, id=11044, stack(0x0000000017390000,0x0000000017490000)]
  0x0000000016c15800 JavaThread "pool-2-thread-2" [_thread_in_Java, id=8764, stack(0x0000000017290000,0x0000000017390000)]
  0x0000000016c14000 JavaThread "pool-3-thread-1" [_thread_blocked, id=3236, stack(0x0000000017190000,0x0000000017290000)]
  0x0000000016ba2000 JavaThread "pool-2-thread-1" [_thread_in_Java, id=5108, stack(0x0000000017090000,0x0000000017190000)]
  0x00000000168e5800 JavaThread "Service Thread" daemon [_thread_blocked, id=908, stack(0x0000000016e90000,0x0000000016f90000)]
  0x00000000168e3800 JavaThread "C1 CompilerThread2" daemon [_thread_blocked, id=9252, stack(0x0000000016d90000,0x0000000016e90000)]
  0x00000000168e2800 JavaThread "C2 CompilerThread1" daemon [_thread_in_native, id=3300, stack(0x0000000016c90000,0x0000000016d90000)]
=>0x0000000015213000 JavaThread "C2 CompilerThread0" daemon [_thread_in_native, id=7700, stack(0x0000000016790000,0x0000000016890000)]
  0x00000000151cd800 JavaThread "Attach Listener" daemon [_thread_blocked, id=10260, stack(0x0000000016690000,0x0000000016790000)]
  0x0000000015211800 JavaThread "Signal Dispatcher" daemon [_thread_blocked, id=9364, stack(0x0000000016590000,0x0000000016690000)]
  0x0000000002aeb800 JavaThread "Finalizer" daemon [_thread_blocked, id=10304, stack(0x0000000016410000,0x0000000016510000)]
  0x0000000002ae0800 JavaThread "Reference Handler" daemon [_thread_blocked, id=8440, stack(0x0000000016310000,0x0000000016410000)]
  0x00000000029ee000 JavaThread "main" [_thread_blocked, id=4464, stack(0x0000000002880000,0x0000000002980000)]

Other Threads:
  0x0000000015186000 VMThread [stack: 0x0000000016210000,0x0000000016310000] [id=4412]
  0x00000000168e7800 WatcherThread [stack: 0x0000000016f90000,0x0000000017090000] [id=7420]

VM state:not at safepoint (normal execution)

VM Mutex/Monitor currently owned by a thread: None

Heap:
 PSYoungGen      total 226304K, used 67373K [0x00000000eab00000, 0x00000000fd280000, 0x0000000100000000)
  eden space 200192K, 20% used [0x00000000eab00000,0x00000000ed38a028,0x00000000f6e80000)
  from space 26112K, 99% used [0x00000000fb900000,0x00000000fd2415a8,0x00000000fd280000)
  to   space 32256K, 0% used [0x00000000f9380000,0x00000000f9380000,0x00000000fb300000)
 ParOldGen       total 81920K, used 42349K [0x00000000c0000000, 0x00000000c5000000, 0x00000000eab00000)
  object space 81920K, 51% used [0x00000000c0000000,0x00000000c295b488,0x00000000c5000000)
 Metaspace       used 6534K, capacity 7222K, committed 7296K, reserved 1056768K
  class space    used 603K, capacity 622K, committed 640K, reserved 1048576K

Card table byte_map: [0x0000000011eb0000,0x00000000120c0000] byte_map_base: 0x00000000118b0000

Marking Bits: (ParMarkBitMap*) 0x000000005db79d00
 Begin Bits: [0x0000000012620000, 0x0000000013620000)
 End Bits:   [0x0000000013620000, 0x0000000014620000)

Polling page: 0x0000000002520000

CodeCache: size=245760Kb used=9731Kb max_used=9731Kb free=236028Kb
 bounds [0x0000000002af0000, 0x0000000003480000, 0x0000000011af0000]
 total_blobs=2364 nmethods=2093 adapters=184
 compilation: enabled

Compilation events (10 events):
Event: 14.911 Thread 0x0000000015213000 nmethod 1828 0x0000000003435750 code [0x00000000034358a0, 0x0000000003435c78]
Event: 14.911 Thread 0x0000000015213000 1735       4       com.android.dx.dex.code.RopToDop::dopFor (792 bytes)
Event: 14.981 Thread 0x00000000168e3800 2140 %     3       java.util.HashMap::resize @ 154 (359 bytes)
Event: 14.982 Thread 0x00000000168e3800 nmethod 2140% 0x0000000003437750 code [0x00000000034379c0, 0x0000000003438cc8]
Event: 14.982 Thread 0x00000000168e3800 2141       3       java.util.HashMap::resize (359 bytes)
Event: 14.984 Thread 0x00000000168e3800 nmethod 2141 0x0000000003462f90 code [0x00000000034631e0, 0x0000000003464408]
Event: 15.021 Thread 0x00000000168e3800 2156   !   2       com.android.dx.cf.code.BytecodeArray::parseInstruction (2764 bytes)
Event: 15.034 Thread 0x00000000168e3800 nmethod 2156 0x0000000003464b50 code [0x0000000003465a80, 0x000000000346bfa8]
Event: 15.038 Thread 0x00000000168e3800 2157       2       java.util.DualPivotQuicksort::sort (614 bytes)
Event: 15.040 Thread 0x00000000168e3800 nmethod 2157 0x0000000003477f50 code [0x00000000034781a0, 0x0000000003478ef8]

GC Heap History (10 events):
Event: 9.335 GC heap before
{Heap before GC invocations=5 (full 0):
 PSYoungGen      total 66048K, used 66017K [0x00000000eab00000, 0x00000000eee00000, 0x0000000100000000)
  eden space 63488K, 100% used [0x00000000eab00000,0x00000000ee900000,0x00000000ee900000)
  from space 2560K, 98% used [0x00000000eeb80000,0x00000000eedf85c8,0x00000000eee00000)
  to   space 2560K, 0% used [0x00000000ee900000,0x00000000ee900000,0x00000000eeb80000)
 ParOldGen       total 42496K, used 12779K [0x00000000c0000000, 0x00000000c2980000, 0x00000000eab00000)
  object space 42496K, 30% used [0x00000000c0000000,0x00000000c0c7acc8,0x00000000c2980000)
 Metaspace       used 6262K, capacity 7088K, committed 7296K, reserved 1056768K
  class space    used 583K, capacity 616K, committed 640K, reserved 1048576K
Event: 9.368 GC heap after
Heap after GC invocations=5 (full 0):
 PSYoungGen      total 66048K, used 2529K [0x00000000eab00000, 0x00000000f4400000, 0x0000000100000000)
  eden space 63488K, 0% used [0x00000000eab00000,0x00000000eab00000,0x00000000ee900000)
  from space 2560K, 98% used [0x00000000ee900000,0x00000000eeb785c8,0x00000000eeb80000)
  to   space 14848K, 0% used [0x00000000f3580000,0x00000000f3580000,0x00000000f4400000)
 ParOldGen       total 42496K, used 22802K [0x00000000c0000000, 0x00000000c2980000, 0x00000000eab00000)
  object space 42496K, 53% used [0x00000000c0000000,0x00000000c1644810,0x00000000c2980000)
 Metaspace       used 6262K, capacity 7088K, committed 7296K, reserved 1056768K
  class space    used 583K, capacity 616K, committed 640K, reserved 1048576K
}
Event: 9.763 GC heap before
{Heap before GC invocations=6 (full 0):
 PSYoungGen      total 66048K, used 66017K [0x00000000eab00000, 0x00000000f4400000, 0x0000000100000000)
  eden space 63488K, 100% used [0x00000000eab00000,0x00000000ee900000,0x00000000ee900000)
  from space 2560K, 98% used [0x00000000ee900000,0x00000000eeb785c8,0x00000000eeb80000)
  to   space 14848K, 0% used [0x00000000f3580000,0x00000000f3580000,0x00000000f4400000)
 ParOldGen       total 42496K, used 22802K [0x00000000c0000000, 0x00000000c2980000, 0x00000000eab00000)
  object space 42496K, 53% used [0x00000000c0000000,0x00000000c1644810,0x00000000c2980000)
 Metaspace       used 6379K, capacity 7152K, committed 7296K, reserved 1056768K
  class space    used 583K, capacity 616K, committed 640K, reserved 1048576K
Event: 9.804 GC heap after
Heap after GC invocations=6 (full 0):
 PSYoungGen      total 139264K, used 13301K [0x00000000eab00000, 0x00000000f4900000, 0x0000000100000000)
  eden space 124416K, 0% used [0x00000000eab00000,0x00000000eab00000,0x00000000f2480000)
  from space 14848K, 89% used [0x00000000f3580000,0x00000000f427d4f0,0x00000000f4400000)
  to   space 17408K, 0% used [0x00000000f2480000,0x00000000f2480000,0x00000000f3580000)
 ParOldGen       total 42496K, used 22810K [0x00000000c0000000, 0x00000000c2980000, 0x00000000eab00000)
  object space 42496K, 53% used [0x00000000c0000000,0x00000000c1646810,0x00000000c2980000)
 Metaspace       used 6379K, capacity 7152K, committed 7296K, reserved 1056768K
  class space    used 583K, capacity 616K, committed 640K, reserved 1048576K
}
Event: 10.654 GC heap before
{Heap before GC invocations=7 (full 0):
 PSYoungGen      total 139264K, used 137717K [0x00000000eab00000, 0x00000000f4900000, 0x0000000100000000)
  eden space 124416K, 100% used [0x00000000eab00000,0x00000000f2480000,0x00000000f2480000)
  from space 14848K, 89% used [0x00000000f3580000,0x00000000f427d4f0,0x00000000f4400000)
  to   space 17408K, 0% used [0x00000000f2480000,0x00000000f2480000,0x00000000f3580000)
 ParOldGen       total 42496K, used 22810K [0x00000000c0000000, 0x00000000c2980000, 0x00000000eab00000)
  object space 42496K, 53% used [0x00000000c0000000,0x00000000c1646810,0x00000000c2980000)
 Metaspace       used 6512K, capacity 7220K, committed 7296K, reserved 1056768K
  class space    used 601K, capacity 620K, committed 640K, reserved 1048576K
Event: 10.736 GC heap after
Heap after GC invocations=7 (full 0):
 PSYoungGen      total 141824K, used 17390K [0x00000000eab00000, 0x00000000fd400000, 0x0000000100000000)
  eden space 124416K, 0% used [0x00000000eab00000,0x00000000eab00000,0x00000000f2480000)
  from space 17408K, 99% used [0x00000000f2480000,0x00000000f357b9f0,0x00000000f3580000)
  to   space 27648K, 0% used [0x00000000fb900000,0x00000000fb900000,0x00000000fd400000)
 ParOldGen       total 42496K, used 37066K [0x00000000c0000000, 0x00000000c2980000, 0x00000000eab00000)
  object space 42496K, 87% used [0x00000000c0000000,0x00000000c2432a58,0x00000000c2980000)
 Metaspace       used 6512K, capacity 7220K, committed 7296K, reserved 1056768K
  class space    used 601K, capacity 620K, committed 640K, reserved 1048576K
}
Event: 10.736 GC heap before
{Heap before GC invocations=8 (full 1):
 PSYoungGen      total 141824K, used 17390K [0x00000000eab00000, 0x00000000fd400000, 0x0000000100000000)
  eden space 124416K, 0% used [0x00000000eab00000,0x00000000eab00000,0x00000000f2480000)
  from space 17408K, 99% used [0x00000000f2480000,0x00000000f357b9f0,0x00000000f3580000)
  to   space 27648K, 0% used [0x00000000fb900000,0x00000000fb900000,0x00000000fd400000)
 ParOldGen       total 42496K, used 37066K [0x00000000c0000000, 0x00000000c2980000, 0x00000000eab00000)
  object space 42496K, 87% used [0x00000000c0000000,0x00000000c2432a58,0x00000000c2980000)
 Metaspace       used 6512K, capacity 7220K, committed 7296K, reserved 1056768K
  class space    used 601K, capacity 620K, committed 640K, reserved 1048576K
Event: 11.339 GC heap after
Heap after GC invocations=8 (full 1):
 PSYoungGen      total 141824K, used 8012K [0x00000000eab00000, 0x00000000fd400000, 0x0000000100000000)
  eden space 124416K, 0% used [0x00000000eab00000,0x00000000eab00000,0x00000000f2480000)
  from space 17408K, 46% used [0x00000000f2480000,0x00000000f2c532e0,0x00000000f3580000)
  to   space 27648K, 0% used [0x00000000fb900000,0x00000000fb900000,0x00000000fd400000)
 ParOldGen       total 81920K, used 42301K [0x00000000c0000000, 0x00000000c5000000, 0x00000000eab00000)
  object space 81920K, 51% used [0x00000000c0000000,0x00000000c294f488,0x00000000c5000000)
 Metaspace       used 6512K, capacity 7220K, committed 7296K, reserved 1056768K
  class space    used 601K, capacity 620K, committed 640K, reserved 1048576K
}
Event: 14.068 GC heap before
{Heap before GC invocations=9 (full 1):
 PSYoungGen      total 141824K, used 132428K [0x00000000eab00000, 0x00000000fd400000, 0x0000000100000000)
  eden space 124416K, 100% used [0x00000000eab00000,0x00000000f2480000,0x00000000f2480000)
  from space 17408K, 46% used [0x00000000f2480000,0x00000000f2c532e0,0x00000000f3580000)
  to   space 27648K, 0% used [0x00000000fb900000,0x00000000fb900000,0x00000000fd400000)
 ParOldGen       total 81920K, used 42301K [0x00000000c0000000, 0x00000000c5000000, 0x00000000eab00000)
  object space 81920K, 51% used [0x00000000c0000000,0x00000000c294f488,0x00000000c5000000)
 Metaspace       used 6522K, capacity 7220K, committed 7296K, reserved 1056768K
  class space    used 601K, capacity 620K, committed 640K, reserved 1048576K
Event: 14.652 GC heap after
Heap after GC invocations=9 (full 1):
 PSYoungGen      total 226304K, used 25861K [0x00000000eab00000, 0x00000000fd280000, 0x0000000100000000)
  eden space 200192K, 0% used [0x00000000eab00000,0x00000000eab00000,0x00000000f6e80000)
  from space 26112K, 99% used [0x00000000fb900000,0x00000000fd2415a8,0x00000000fd280000)
  to   space 32256K, 0% used [0x00000000f9380000,0x00000000f9380000,0x00000000fb300000)
 ParOldGen       total 81920K, used 42349K [0x00000000c0000000, 0x00000000c5000000, 0x00000000eab00000)
  object space 81920K, 51% used [0x00000000c0000000,0x00000000c295b488,0x00000000c5000000)
 Metaspace       used 6522K, capacity 7220K, committed 7296K, reserved 1056768K
  class space    used 601K, capacity 620K, committed 640K, reserved 1048576K
}

Deoptimization events (10 events):
Event: 12.063 Thread 0x0000000016ba2000 Uncommon trap: reason=class_check action=maybe_recompile pc=0x0000000003398d08 method=com.android.dx.cf.code.BytecodeArray.parseInstruction(ILcom/android/dx/cf/code/BytecodeArray$Visitor;)I @ 1417
Event: 12.438 Thread 0x0000000016c16800 Uncommon trap: reason=unstable_if action=reinterpret pc=0x000000000338157c method=com.android.dx.rop.cst.CstNat.equals(Ljava/lang/Object;)Z @ 25
Event: 13.078 Thread 0x0000000016c15800 Uncommon trap: reason=bimorphic action=maybe_recompile pc=0x00000000034049f8 method=com.android.dx.cf.code.BytecodeArray.parseInstruction(ILcom/android/dx/cf/code/BytecodeArray$Visitor;)I @ 923
Event: 13.078 Thread 0x0000000016c15800 Uncommon trap: reason=bimorphic action=maybe_recompile pc=0x000000000340496c method=com.android.dx.cf.code.BytecodeArray.parseInstruction(ILcom/android/dx/cf/code/BytecodeArray$Visitor;)I @ 907
Event: 13.078 Thread 0x0000000016c15800 Uncommon trap: reason=bimorphic action=maybe_recompile pc=0x00000000034050c8 method=com.android.dx.cf.code.BytecodeArray.parseInstruction(ILcom/android/dx/cf/code/BytecodeArray$Visitor;)I @ 1224
Event: 13.079 Thread 0x0000000016c15800 Uncommon trap: reason=bimorphic action=maybe_recompile pc=0x00000000034049f8 method=com.android.dx.cf.code.BytecodeArray.parseInstruction(ILcom/android/dx/cf/code/BytecodeArray$Visitor;)I @ 923
Event: 14.742 Thread 0x0000000016c16800 Uncommon trap: reason=unstable_if action=reinterpret pc=0x00000000033636c4 method=java.util.HashMap.putVal(ILjava/lang/Object;Ljava/lang/Object;ZZ)Ljava/lang/Object; @ 109
Event: 14.980 Thread 0x0000000016c16800 Uncommon trap: reason=unstable_if action=reinterpret pc=0x00000000032a7d58 method=java.util.HashMap.resize()[Ljava/util/HashMap$Node; @ 206
Event: 15.020 Thread 0x0000000016c15800 Uncommon trap: reason=bimorphic action=maybe_recompile pc=0x000000000344317c method=com.android.dx.cf.code.BytecodeArray.parseInstruction(ILcom/android/dx/cf/code/BytecodeArray$Visitor;)I @ 939
Event: 15.021 Thread 0x0000000016c15800 Uncommon trap: reason=bimorphic action=maybe_recompile pc=0x000000000344317c method=com.android.dx.cf.code.BytecodeArray.parseInstruction(ILcom/android/dx/cf/code/BytecodeArray$Visitor;)I @ 939

Internal exceptions (7 events):
Event: 1.959 Thread 0x00000000029ee000 Exception <a 'java/lang/NoSuchMethodError': Method sun.misc.Unsafe.defineClass(Ljava/lang/String;[BII)Ljava/lang/Class; name or signature does not match> (0x00000000eab07cc0) thrown at [C:\src\android\AOSP-openjdk\external\jetbrains\jdk\hotspot\src\share\vç∏⁄aXˇ?
Event: 1.959 Thread 0x00000000029ee000 Exception <a 'java/lang/NoSuchMethodError': Method sun.misc.Unsafe.prefetchRead(Ljava/lang/Object;J)V name or signature does not match> (0x00000000eab07fa8) thrown at [C:\src\android\AOSP-openjdk\external\jetbrains\jdk\hotspot\src\share\vm\prims\jni.cpp, l…”≤ @
Event: 8.023 Thread 0x0000000016ba2000 Implicit null exception at 0x0000000003028322 to 0x0000000003028412
Event: 9.809 Thread 0x00000000029ee000 Implicit null exception at 0x000000000302d648 to 0x000000000302ed69
Event: 10.158 Thread 0x0000000016c16800 Exception <a 'java/lang/ArrayIndexOutOfBoundsException': 18> (0x00000000ee6ebfb0) thrown at [C:\src\android\AOSP-openjdk\external\jetbrains\jdk\hotspot\src\share\vm\interpreter\interpreterRuntime.cpp, line 366]
Event: 10.159 Thread 0x0000000016c16800 Exception <a 'java/lang/ArrayIndexOutOfBoundsException'> (0x00000000ee6edb30) thrown at [C:\src\android\AOSP-openjdk\external\jetbrains\jdk\hotspot\src\share\vm\runtime\sharedRuntime.cpp, line 605]
Event: 10.162 Thread 0x0000000016c16800 Exception <a 'java/lang/ArrayIndexOutOfBoundsException'> (0x00000000ee6eee18) thrown at [C:\src\android\AOSP-openjdk\external\jetbrains\jdk\hotspot\src\share\vm\runtime\sharedRuntime.cpp, line 605]

Events (10 events):
Event: 15.021 Thread 0x0000000016c15800 DEOPT UNPACKING pc=0x0000000002b3556a sp=0x000000001738ea28 mode 2
Event: 15.021 Thread 0x0000000016c15800 Uncommon trap: trap_request=0xffffffc6 fr.pc=0x000000000344317c
Event: 15.021 Thread 0x0000000016c15800 DEOPT PACKING pc=0x000000000344317c sp=0x000000001738ea50
Event: 15.021 Thread 0x0000000016c15800 DEOPT UNPACKING pc=0x0000000002b3556a sp=0x000000001738ea28 mode 2
Event: 15.231 Thread 0x0000000016bd6800 DEOPT PACKING pc=0x0000000002e55ebd sp=0x000000001758e850
Event: 15.231 Thread 0x0000000016bd6800 DEOPT UNPACKING pc=0x0000000002b375bf sp=0x000000001758e5f0 mode 0
Event: 15.283 loading class java/util/HashMap$KeySet
Event: 15.284 loading class java/util/HashMap$KeySet done
Event: 15.284 loading class java/util/HashMap$KeyIterator
Event: 15.284 loading class java/util/HashMap$KeyIterator done


Dynamic libraries:
0x00007ff601ad0000 - 0x00007ff601b01000 	C:\Program Files\Android\Android Studio\jre\bin\java.exe
0x00007ff972f90000 - 0x00007ff97313d000 	C:\WINDOWS\SYSTEM32\ntdll.dll
0x00007ff970850000 - 0x00007ff97098e000 	C:\WINDOWS\system32\KERNEL32.DLL
0x00007ff970500000 - 0x00007ff970615000 	C:\WINDOWS\system32\KERNELBASE.dll
0x00007ff9707a0000 - 0x00007ff97084a000 	C:\WINDOWS\system32\ADVAPI32.dll
0x00007ff9724b0000 - 0x00007ff972627000 	C:\WINDOWS\system32\USER32.dll
0x00007ff96c990000 - 0x00007ff96cc0b000 	C:\WINDOWS\WinSxS\amd64_microsoft.windows.common-controls_6595b64144ccf1df_6.0.9600.18006_none_623f33d3ecbe86e8\COMCTL32.dll
0x00007ff972b00000 - 0x00007ff972baa000 	C:\WINDOWS\system32\msvcrt.dll
0x00007ff972f30000 - 0x00007ff972f89000 	C:\WINDOWS\SYSTEM32\sechost.dll
0x00007ff972630000 - 0x00007ff972770000 	C:\WINDOWS\system32\RPCRT4.dll
0x00007ff972de0000 - 0x00007ff972f2f000 	C:\WINDOWS\system32\GDI32.dll
0x00007ff9704d0000 - 0x00007ff9704fe000 	C:\WINDOWS\system32\SspiCli.dll
0x00007ff9722c0000 - 0x00007ff9722f6000 	C:\WINDOWS\system32\IMM32.DLL
0x00007ff970620000 - 0x00007ff970772000 	C:\WINDOWS\system32\MSCTF.dll
0x00007ff95d580000 - 0x00007ff95d61a000 	C:\WINDOWS\system32\tmumh\20019\AddOn\7.0.0.1099\TmUmEvt64.dll
0x00007ff970ab0000 - 0x00007ff970ab7000 	C:\WINDOWS\system32\PSAPI.DLL
0x00007ff970990000 - 0x00007ff9709e4000 	C:\WINDOWS\system32\SHLWAPI.dll
0x00007ff972bb0000 - 0x00007ff972dc1000 	C:\WINDOWS\SYSTEM32\combase.dll
0x000000005eaf0000 - 0x000000005ec04000 	C:\WINDOWS\system32\tmumh\20019\TmMon\2.5.0.2009\tmmon64.dll
0x00007ff96c2c0000 - 0x00007ff96c2ca000 	C:\WINDOWS\SYSTEM32\VERSION.dll
0x000000005ea10000 - 0x000000005eae2000 	C:\Program Files\Android\Android Studio\jre\jre\bin\msvcr100.dll
0x000000005d3c0000 - 0x000000005dbf4000 	C:\Program Files\Android\Android Studio\jre\jre\bin\server\jvm.dll
0x00007ff964ae0000 - 0x00007ff964ae9000 	C:\WINDOWS\SYSTEM32\WSOCK32.dll
0x00007ff964b20000 - 0x00007ff964b42000 	C:\WINDOWS\SYSTEM32\WINMM.dll
0x00007ff9721a0000 - 0x00007ff9721fa000 	C:\WINDOWS\system32\WS2_32.dll
0x00007ff964af0000 - 0x00007ff964b1a000 	C:\WINDOWS\SYSTEM32\WINMMBASE.dll
0x00007ff970b20000 - 0x00007ff970b29000 	C:\WINDOWS\system32\NSI.dll
0x00007ff970190000 - 0x00007ff9701df000 	C:\WINDOWS\SYSTEM32\cfgmgr32.dll
0x00007ff96eee0000 - 0x00007ff96ef08000 	C:\WINDOWS\SYSTEM32\DEVOBJ.dll
0x00007ff96c260000 - 0x00007ff96c26f000 	C:\Program Files\Android\Android Studio\jre\jre\bin\verify.dll
0x00007ff96b1d0000 - 0x00007ff96b1f9000 	C:\Program Files\Android\Android Studio\jre\jre\bin\java.dll
0x00007ff96c150000 - 0x00007ff96c166000 	C:\Program Files\Android\Android Studio\jre\jre\bin\zip.dll
0x00007ff970c70000 - 0x00007ff972199000 	C:\WINDOWS\system32\SHELL32.dll
0x00007ff96e2b0000 - 0x00007ff96e362000 	C:\WINDOWS\SYSTEM32\SHCORE.dll
0x00007ff9700c0000 - 0x00007ff9700d5000 	C:\WINDOWS\SYSTEM32\profapi.dll

VM Arguments:
jvm_args: -Djava.awt.headless=true -Xmx1024M -Dfile.encoding=windows-31j -Duser.country=JP -Duser.language=ja -Duser.variant 
java_command: com.android.dx.command.Main --dex --force-jumbo --num-threads=4 --multi-dex --output C:\AndroidStudioProject\Defence3D\app\build\intermediates\transforms\dex\debug\folders\1000\10\com.android.support-support-v4-23.4.0_04c65939b6d748a372362228788f7d9a0047bda3 C:\AndroidStudioProject\Defence3D\app\build\intermediates\exploded-aar\com.android.support\support-v4\23.4.0\jars\classes.jar
java_class_path (initial): C:\adt-bundle-windows-x86_64-20140702\sdk\build-tools\23.0.3\lib\dx.jar
Launcher Type: SUN_STANDARD

Environment Variables:
JAVA_HOME=C:\Program Files\Java\jdk1.8.0_45
CLASSPATH=.;C:\Program Files (x86)\QuickTime\QTSystem\QTJava.zip
PATH=C:\Program Files\Haskell\bin;C:\Program Files\Haskell Platform\2014.2.0.0\lib\extralibs\bin;C:\Program Files\Haskell Platform\2014.2.0.0\bin;C:\ProgramData\Oracle\Java\javapath;C:\Program Files\Java\jdk1.7.0_45\bin;C:\Program Files (x86)\Intel\iCLS Client\;C:\Program Files\Intel\iCLS Client\;C:\WINDOWS\system32;C:\WINDOWS;C:\WINDOWS\System32\Wbem;C:\WINDOWS\System32\WindowsPowerShell\v1.0\;C:\Program Files (x86)\Intel\OpenCL SDK\2.0\bin\x86;C:\Program Files (x86)\Intel\OpenCL SDK\2.0\bin\x64;C:\Program Files\Intel\Intel(R) Management Engine Components\DAL;C:\Program Files\Intel\Intel(R) Management Engine Components\IPT;C:\Program Files (x86)\Intel\Intel(R) Management Engine Components\DAL;C:\Program Files (x86)\Intel\Intel(R) Management Engine Components\IPT;C:\Program Files (x86)\Symantec\VIP Access Client\;C:\Program Files\Intel\WiFi\bin\;C:\Program Files\Common Files\Intel\WirelessCommon\;C:\Program Files\Microsoft SQL Server\110\Tools\Binn\;c:\Program Files (x86)\Microsoft SQL Server\100\Tools\Binn\;c:\Program Files\Microsoft SQL Server\100\Tools\Binn\;c:\Program Files\Microsoft SQL Server\100\DTS\Binn\;C:\Program Files (x86)\QuickTime\QTSystem\;C:\adt-bundle-windows-x86_64-20140702\sdk\platform-tools;C:\Program Files (x86)\Toshiba\Bluetooth Toshiba Stack\sys\;C:\Program Files (x86)\Toshiba\Bluetooth Toshiba Stack\sys\x64\;C:\Program Files\Haskell Platform\2014.2.0.0\mingw\bin;C:\Program Files\Microsoft\Web Platform Installer\;C:\Users\ÉeÉcÉÑ\.dnx\bin;C:\Program Files\Microsoft DNX\Dnvm\;C:\Program Files (x86)\Windows Kits\8.1\Windows Performance Toolkit\;C:\Program Files (x86)\Skype\Phone\;C:\Users\ÉeÉcÉÑ\AppData\Roaming\cabal\bin;C:\GNUstep\bin;C:\GNUstep\GNUstep\System\Tools;C:\Program Files (x86)\Vim\vim74;C:\Program Files\Haskell Platform\2014.2.0.0\bin;C:\common files\Util\tools\tpad090;C:\nasm\nasm-2.11.08
USERNAME=ÉeÉcÉÑ
OS=Windows_NT
PROCESSOR_IDENTIFIER=Intel64 Family 6 Model 58 Stepping 9, GenuineIntel



---------------  S Y S T E M  ---------------

OS: Windows 8.1 , 64 bit Build 9600 (6.3.9600.17415)

CPU:total 4 (2 cores per cpu, 2 threads per core) family 6 model 58 stepping 9, cmov, cx8, fxsr, mmx, sse, sse2, sse3, ssse3, sse4.1, sse4.2, popcnt, avx, aes, clmul, erms, ht, tsc, tscinvbit, tscinv

Memory: 4k page, physical 4053208k(439012k free), swap 5751044k(5808k free)

vm_info: OpenJDK 64-Bit Server VM (25.76-b03) for windows-amd64 JRE (1.8.0_76-release-b03), built on Jun 29 2016 19:09:20 by "ralucas" with MS VC++ 10.0 (VS2010)

time: Sun Oct 02 14:50:45 2016
elapsed time: 15 seconds (0d 0h 0m 15s)

