#
# There is insufficient memory for the Java Runtime Environment to continue.
# Native memory allocation (malloc) failed to allocate 1048576 bytes for AllocateHeap
# Possible reasons:
#   The system is out of physical RAM or swap space
#   In 32 bit mode, the process size limit was hit
# Possible solutions:
#   Reduce memory load on the system
#   Increase physical memory or swap space
#   Check if swap backing store is full
#   Use 64 bit Java on a 64 bit OS
#   Decrease Java heap size (-Xmx/-Xms)
#   Decrease number of Java threads
#   Decrease Java thread stack sizes (-Xss)
#   Set larger code cache with -XX:ReservedCodeCacheSize=
# This output file may be truncated or incomplete.
#
#  Out of Memory Error (memory/allocation.inline.hpp:61), pid=10796, tid=0x0000000000001fe4
#
# JRE version:  (8.0_76-b03) (build )
# Java VM: OpenJDK 64-Bit Server VM (25.76-b03 mixed mode windows-amd64 compressed oops)
# Failed to write core dump. Minidumps are not enabled by default on client versions of Windows
#

---------------  T H R E A D  ---------------

Current thread (0x000000000241e000):  JavaThread "Unknown thread" [_thread_in_vm, id=8164, stack(0x0000000002710000,0x0000000002810000)]

Stack: [0x0000000002710000,0x0000000002810000]
[error occurred during error reporting (printing stack bounds), id 0xc0000005]

Native frames: (J=compiled Java code, j=interpreted, Vv=VM code, C=native code)


---------------  P R O C E S S  ---------------

Java Threads: ( => current thread )

Other Threads:

=>0x000000000241e000 (exited) JavaThread "Unknown thread" [_thread_in_vm, id=8164, stack(0x0000000002710000,0x0000000002810000)]

VM state:not at safepoint (normal execution)

VM Mutex/Monitor currently owned by a thread: None

Heap:
 PSYoungGen      total 18432K, used 317K [0x00000000eab00000, 0x00000000ebf80000, 0x0000000100000000)
  eden space 15872K, 2% used [0x00000000eab00000,0x00000000eab4f5d0,0x00000000eba80000)
  from space 2560K, 0% used [0x00000000ebd00000,0x00000000ebd00000,0x00000000ebf80000)
  to   space 2560K, 0% used [0x00000000eba80000,0x00000000eba80000,0x00000000ebd00000)
 ParOldGen       total 42496K, used 0K [0x00000000c0000000, 0x00000000c2980000, 0x00000000eab00000)
  object space 42496K, 0% used [0x00000000c0000000,0x00000000c0000000,0x00000000c2980000)
 Metaspace       used 771K, capacity 4480K, committed 4480K, reserved 1056768K
  class space    used 73K, capacity 384K, committed 384K, reserved 1048576K

Card table byte_map: [0x0000000011cd0000,0x0000000011ee0000] byte_map_base: 0x00000000116d0000

Marking Bits: (ParMarkBitMap*) 0x000000005db79d00
 Begin Bits: [0x0000000012440000, 0x0000000013440000)
 End Bits:   [0x0000000013440000, 0x0000000014440000)

Polling page: 0x0000000002380000

CodeCache: size=245760Kb used=328Kb max_used=328Kb free=245431Kb
 bounds [0x0000000002910000, 0x0000000002b80000, 0x0000000011910000]
 total_blobs=57 nmethods=0 adapters=38
 compilation: enabled

Compilation events (0 events):
No events

GC Heap History (0 events):
No events

Deoptimization events (0 events):
No events

Internal exceptions (0 events):
No events

Events (10 events):
Event: 0.065 loading class java/lang/Short
Event: 0.065 loading class java/lang/Short done
Event: 0.065 loading class java/lang/Integer
Event: 0.065 loading class java/lang/Integer done
Event: 0.065 loading class java/lang/Long
Event: 0.065 loading class java/lang/Long done
Event: 0.066 loading class java/lang/NullPointerException
Event: 0.066 loading class java/lang/NullPointerException done
Event: 0.066 loading class java/lang/ArithmeticException
Event: 0.066 loading class java/lang/ArithmeticException done


Dynamic libraries:
0x00007ff601ad0000 - 0x00007ff601b01000 	C:\Program Files\Android\Android Studio\jre\bin\java.exe
0x00007ff972f90000 - 0x00007ff97313d000 	C:\WINDOWS\SYSTEM32\ntdll.dll
0x00007ff970850000 - 0x00007ff97098e000 	C:\WINDOWS\system32\KERNEL32.DLL
0x00007ff970500000 - 0x00007ff970615000 	C:\WINDOWS\system32\KERNELBASE.dll
0x00007ff9707a0000 - 0x00007ff97084a000 	C:\WINDOWS\system32\ADVAPI32.dll
0x00007ff9724b0000 - 0x00007ff972627000 	C:\WINDOWS\system32\USER32.dll
0x00007ff96c990000 - 0x00007ff96cc0b000 	C:\WINDOWS\WinSxS\amd64_microsoft.windows.common-controls_6595b64144ccf1df_6.0.9600.18006_none_623f33d3ecbe86e8\COMCTL32.dll
0x00007ff972b00000 - 0x00007ff972baa000 	C:\WINDOWS\system32\msvcrt.dll
0x00007ff972f30000 - 0x00007ff972f89000 	C:\WINDOWS\SYSTEM32\sechost.dll
0x00007ff972630000 - 0x00007ff972770000 	C:\WINDOWS\system32\RPCRT4.dll
0x00007ff972de0000 - 0x00007ff972f2f000 	C:\WINDOWS\system32\GDI32.dll
0x00007ff9704d0000 - 0x00007ff9704fe000 	C:\WINDOWS\system32\SspiCli.dll
0x00007ff9722c0000 - 0x00007ff9722f6000 	C:\WINDOWS\system32\IMM32.DLL
0x00007ff970620000 - 0x00007ff970772000 	C:\WINDOWS\system32\MSCTF.dll
0x00007ff95d580000 - 0x00007ff95d61a000 	C:\WINDOWS\system32\tmumh\20019\AddOn\7.0.0.1099\TmUmEvt64.dll
0x00007ff970ab0000 - 0x00007ff970ab7000 	C:\WINDOWS\system32\PSAPI.DLL
0x00007ff970990000 - 0x00007ff9709e4000 	C:\WINDOWS\system32\SHLWAPI.dll
0x00007ff972bb0000 - 0x00007ff972dc1000 	C:\WINDOWS\SYSTEM32\combase.dll
0x000000005eaf0000 - 0x000000005ec04000 	C:\WINDOWS\system32\tmumh\20019\TmMon\2.5.0.2009\tmmon64.dll
0x00007ff96c2c0000 - 0x00007ff96c2ca000 	C:\WINDOWS\SYSTEM32\VERSION.dll
0x000000005ea10000 - 0x000000005eae2000 	C:\Program Files\Android\Android Studio\jre\jre\bin\msvcr100.dll
0x000000005d3c0000 - 0x000000005dbf4000 	C:\Program Files\Android\Android Studio\jre\jre\bin\server\jvm.dll
0x00007ff964ae0000 - 0x00007ff964ae9000 	C:\WINDOWS\SYSTEM32\WSOCK32.dll
0x00007ff964b20000 - 0x00007ff964b42000 	C:\WINDOWS\SYSTEM32\WINMM.dll
0x00007ff9721a0000 - 0x00007ff9721fa000 	C:\WINDOWS\system32\WS2_32.dll
0x00007ff964af0000 - 0x00007ff964b1a000 	C:\WINDOWS\SYSTEM32\WINMMBASE.dll
0x00007ff970b20000 - 0x00007ff970b29000 	C:\WINDOWS\system32\NSI.dll
0x00007ff970190000 - 0x00007ff9701df000 	C:\WINDOWS\SYSTEM32\cfgmgr32.dll
0x00007ff96eee0000 - 0x00007ff96ef08000 	C:\WINDOWS\SYSTEM32\DEVOBJ.dll
0x00007ff96c260000 - 0x00007ff96c26f000 	C:\Program Files\Android\Android Studio\jre\jre\bin\verify.dll
0x00007ff96b1d0000 - 0x00007ff96b1f9000 	C:\Program Files\Android\Android Studio\jre\jre\bin\java.dll
0x00007ff96c150000 - 0x00007ff96c166000 	C:\Program Files\Android\Android Studio\jre\jre\bin\zip.dll

VM Arguments:
jvm_args: -Djava.awt.headless=true -Xmx1024M -Dfile.encoding=windows-31j -Duser.country=JP -Duser.language=ja -Duser.variant 
java_command: com.android.dx.command.Main --dex --force-jumbo --num-threads=4 --multi-dex --output C:\AndroidStudioProject\Defence3D\app\build\intermediates\transforms\dex\debug\folders\1000\5\slice_7 C:\AndroidStudioProject\Defence3D\app\build\intermediates\transforms\instantRunSlicer\debug\folders\1\5\slice_7
java_class_path (initial): C:\adt-bundle-windows-x86_64-20140702\sdk\build-tools\23.0.3\lib\dx.jar
Launcher Type: SUN_STANDARD

Environment Variables:
JAVA_HOME=C:\Program Files\Java\jdk1.8.0_45
CLASSPATH=.;C:\Program Files (x86)\QuickTime\QTSystem\QTJava.zip
PATH=C:\Program Files\Haskell\bin;C:\Program Files\Haskell Platform\2014.2.0.0\lib\extralibs\bin;C:\Program Files\Haskell Platform\2014.2.0.0\bin;C:\ProgramData\Oracle\Java\javapath;C:\Program Files\Java\jdk1.7.0_45\bin;C:\Program Files (x86)\Intel\iCLS Client\;C:\Program Files\Intel\iCLS Client\;C:\WINDOWS\system32;C:\WINDOWS;C:\WINDOWS\System32\Wbem;C:\WINDOWS\System32\WindowsPowerShell\v1.0\;C:\Program Files (x86)\Intel\OpenCL SDK\2.0\bin\x86;C:\Program Files (x86)\Intel\OpenCL SDK\2.0\bin\x64;C:\Program Files\Intel\Intel(R) Management Engine Components\DAL;C:\Program Files\Intel\Intel(R) Management Engine Components\IPT;C:\Program Files (x86)\Intel\Intel(R) Management Engine Components\DAL;C:\Program Files (x86)\Intel\Intel(R) Management Engine Components\IPT;C:\Program Files (x86)\Symantec\VIP Access Client\;C:\Program Files\Intel\WiFi\bin\;C:\Program Files\Common Files\Intel\WirelessCommon\;C:\Program Files\Microsoft SQL Server\110\Tools\Binn\;c:\Program Files (x86)\Microsoft SQL Server\100\Tools\Binn\;c:\Program Files\Microsoft SQL Server\100\Tools\Binn\;c:\Program Files\Microsoft SQL Server\100\DTS\Binn\;C:\Program Files (x86)\QuickTime\QTSystem\;C:\adt-bundle-windows-x86_64-20140702\sdk\platform-tools;C:\Program Files (x86)\Toshiba\Bluetooth Toshiba Stack\sys\;C:\Program Files (x86)\Toshiba\Bluetooth Toshiba Stack\sys\x64\;C:\Program Files\Haskell Platform\2014.2.0.0\mingw\bin;C:\Program Files\Microsoft\Web Platform Installer\;C:\Users\テツヤ\.dnx\bin;C:\Program Files\Microsoft DNX\Dnvm\;C:\Program Files (x86)\Windows Kits\8.1\Windows Performance Toolkit\;C:\Program Files (x86)\Skype\Phone\;C:\Users\テツヤ\AppData\Roaming\cabal\bin;C:\GNUstep\bin;C:\GNUstep\GNUstep\System\Tools;C:\Program Files (x86)\Vim\vim74;C:\Program Files\Haskell Platform\2014.2.0.0\bin;C:\common files\Util\tools\tpad090;C:\nasm\nasm-2.11.08
USERNAME=テツヤ
OS=Windows_NT
PROCESSOR_IDENTIFIER=Intel64 Family 6 Model 58 Stepping 9, GenuineIntel



---------------  S Y S T E M  ---------------

OS: Windows 8.1 , 64 bit Build 9600 (6.3.9600.17415)

CPU:total 4 (2 cores per cpu, 2 threads per core) family 6 model 58 stepping 9, cmov, cx8, fxsr, mmx, sse, sse2, sse3, ssse3, sse4.1, sse4.2, popcnt, avx, aes, clmul, erms, ht, tsc, tscinvbit, tscinv

Memory: 4k page, physical 4053208k(380628k free), swap 5751044k(7656k free)

vm_info: OpenJDK 64-Bit Server VM (25.76-b03) for windows-amd64 JRE (1.8.0_76-release-b03), built on Jun 29 2016 19:09:20 by "ralucas" with MS VC++ 10.0 (VS2010)

time: Sun Oct 02 16:33:34 2016
elapsed time: 0 seconds (0d 0h 0m 0s)

